This is pdfTeX, Version 3.141592653-2.6-1.40.24 (TeX Live 2022) (preloaded format=pdflatex 2022.9.9)  28 AUG 2023 16:54
entering extended mode
 restricted \write18 enabled.
 file:line:error style messages enabled.
 %&-line parsing enabled.
**main.tex
(./main.tex
LaTeX2e <2022-06-01> patch level 5
L3 programming layer <2022-08-30> (./iitFirstPage.cls
Document Class: iitFirstPage 2022/09/08 - Template for IIT report
(/usr/local/texlive/2022/texmf-dist/tex/latex/base/article.cls
Document Class: article 2021/10/04 v1.4n Standard LaTeX document class
(/usr/local/texlive/2022/texmf-dist/tex/latex/base/size12.clo
File: size12.clo 2021/10/04 v1.4n Standard LaTeX file (size option)
)
\c@part=\count185
\c@section=\count186
\c@subsection=\count187
\c@subsubsection=\count188
\c@paragraph=\count189
\c@subparagraph=\count190
\c@figure=\count191
\c@table=\count192
\abovecaptionskip=\skip47
\belowcaptionskip=\skip48
\bibindent=\dimen138
)
(/usr/local/texlive/2022/texmf-dist/tex/latex/graphics/graphicx.sty
Package: graphicx 2021/09/16 v1.2d Enhanced LaTeX Graphics (DPC,SPQR)

(/usr/local/texlive/2022/texmf-dist/tex/latex/graphics/keyval.sty
Package: keyval 2022/05/29 v1.15 key=value parser (DPC)
\KV@toks@=\toks16
)
(/usr/local/texlive/2022/texmf-dist/tex/latex/graphics/graphics.sty
Package: graphics 2022/03/10 v1.4e Standard LaTeX Graphics (DPC,SPQR)

(/usr/local/texlive/2022/texmf-dist/tex/latex/graphics/trig.sty
Package: trig 2021/08/11 v1.11 sin cos tan (DPC)
)
(/usr/local/texlive/2022/texmf-dist/tex/latex/graphics-cfg/graphics.cfg
File: graphics.cfg 2016/06/04 v1.11 sample graphics configuration
)
Package graphics Info: Driver file: pdftex.def on input line 107.

(/usr/local/texlive/2022/texmf-dist/tex/latex/graphics-def/pdftex.def
File: pdftex.def 2020/10/05 v1.2a Graphics/color driver for pdftex
))
\Gin@req@height=\dimen139
\Gin@req@width=\dimen140
)
(/usr/local/texlive/2022/texmf-dist/tex/generic/babel/babel.sty
Package: babel 2022/08/29 3.79 The Babel package
\babel@savecnt=\count193
\U@D=\dimen141
\l@unhyphenated=\language87

(/usr/local/texlive/2022/texmf-dist/tex/generic/babel/txtbabel.def)
\bbl@readstream=\read2
\bbl@dirlevel=\count194

(/usr/local/texlive/2022/texmf-dist/tex/generic/babel-english/english.ldf
Language: english 2017/06/06 v3.3r English support from the babel system
Package babel Info: Hyphen rules for 'canadian' set to \l@english
(babel)             (\language0). Reported on input line 102.
Package babel Info: Hyphen rules for 'australian' set to \l@ukenglish
(babel)             (\language21). Reported on input line 105.
Package babel Info: Hyphen rules for 'newzealand' set to \l@ukenglish
(babel)             (\language21). Reported on input line 108.
))
(/usr/local/texlive/2022/texmf-dist/tex/generic/babel/locale/en/babel-english.t
ex
Package babel Info: Importing font and identification data for english
(babel)             from babel-en.ini. Reported on input line 11.
) (/usr/local/texlive/2022/texmf-dist/tex/latex/base/inputenc.sty
Package: inputenc 2021/02/14 v1.3d Input encoding file
\inpenc@prehook=\toks17
\inpenc@posthook=\toks18
)
(/usr/local/texlive/2022/texmf-dist/tex/latex/base/fontenc.sty
Package: fontenc 2021/04/29 v2.0v Standard LaTeX package
)
(/usr/local/texlive/2022/texmf-dist/tex/latex/wallpaper/wallpaper.sty
Package: wallpaper 2005/01/18, v1.01 easy wallpaper formatting (MHFW)

(/usr/local/texlive/2022/texmf-dist/tex/latex/base/ifthen.sty
Package: ifthen 2022/04/13 v1.1d Standard LaTeX ifthen package (DPC)
)
(/usr/local/texlive/2022/texmf-dist/tex/latex/tools/calc.sty
Package: calc 2017/05/25 v4.3 Infix arithmetic (KKT,FJ)
\calc@Acount=\count195
\calc@Bcount=\count196
\calc@Adimen=\dimen142
\calc@Bdimen=\dimen143
\calc@Askip=\skip49
\calc@Bskip=\skip50
LaTeX Info: Redefining \setlength on input line 80.
LaTeX Info: Redefining \addtolength on input line 81.
\calc@Ccount=\count197
\calc@Cskip=\skip51
)
(/usr/local/texlive/2022/texmf-dist/tex/latex/eso-pic/eso-pic.sty
Package: eso-pic 2020/10/14 v3.0a eso-pic (RN)
\ESO@tempdima=\dimen144
\ESO@tempdimb=\dimen145

(/usr/local/texlive/2022/texmf-dist/tex/latex/xcolor/xcolor.sty
Package: xcolor 2022/06/12 v2.14 LaTeX color extensions (UK)

(/usr/local/texlive/2022/texmf-dist/tex/latex/graphics-cfg/color.cfg
File: color.cfg 2016/01/02 v1.6 sample color configuration
)
Package xcolor Info: Driver file: pdftex.def on input line 227.

(/usr/local/texlive/2022/texmf-dist/tex/latex/graphics/mathcolor.ltx)
Package xcolor Info: Model `cmy' substituted by `cmy0' on input line 1353.
Package xcolor Info: Model `hsb' substituted by `rgb' on input line 1357.
Package xcolor Info: Model `RGB' extended on input line 1369.
Package xcolor Info: Model `HTML' substituted by `rgb' on input line 1371.
Package xcolor Info: Model `Hsb' substituted by `hsb' on input line 1372.
Package xcolor Info: Model `tHsb' substituted by `hsb' on input line 1373.
Package xcolor Info: Model `HSB' substituted by `hsb' on input line 1374.
Package xcolor Info: Model `Gray' substituted by `gray' on input line 1375.
Package xcolor Info: Model `wave' substituted by `hsb' on input line 1376.
))
\wpXoffset=\skip52
\wpYoffset=\skip53
\tileXoffset=\skip54
\tileYoffset=\skip55
\tilewidth=\skip56
\tileheight=\skip57
\tileX=\skip58
\tileY=\skip59
)
(/usr/local/texlive/2022/texmf-dist/tex/latex/lastpage/lastpage.sty
Package: lastpage 2021/09/03 v1.2n Refers to last page's name (HMM; JPG)
)
(/usr/local/texlive/2022/texmf-dist/tex/latex/fancyhdr/fancyhdr.sty
Package: fancyhdr 2022/05/18 v4.0.3 Extensive control of page headers and foote
rs
\f@nch@headwidth=\skip60
\f@nch@O@elh=\skip61
\f@nch@O@erh=\skip62
\f@nch@O@olh=\skip63
\f@nch@O@orh=\skip64
\f@nch@O@elf=\skip65
\f@nch@O@erf=\skip66
\f@nch@O@olf=\skip67
\f@nch@O@orf=\skip68
)
(/usr/local/texlive/2022/texmf-dist/tex/latex/titlesec/titlesec.sty
Package: titlesec 2021/07/05 v2.14 Sectioning titles
\ttl@box=\box51
\beforetitleunit=\skip69
\aftertitleunit=\skip70
\ttl@plus=\dimen146
\ttl@minus=\dimen147
\ttl@toksa=\toks19
\titlewidth=\dimen148
\titlewidthlast=\dimen149
\titlewidthfirst=\dimen150
)
(/usr/local/texlive/2022/texmf-dist/tex/latex/tocloft/tocloft.sty
Package: tocloft 2017/08/31 v2.3i parameterised ToC, etc., typesetting
Package tocloft Info: The document has section divisions on input line 51.
\cftparskip=\skip71
\cftbeforetoctitleskip=\skip72
\cftaftertoctitleskip=\skip73
\cftbeforepartskip=\skip74
\cftpartnumwidth=\skip75
\cftpartindent=\skip76
\cftbeforesecskip=\skip77
\cftsecindent=\skip78
\cftsecnumwidth=\skip79
\cftbeforesubsecskip=\skip80
\cftsubsecindent=\skip81
\cftsubsecnumwidth=\skip82
\cftbeforesubsubsecskip=\skip83
\cftsubsubsecindent=\skip84
\cftsubsubsecnumwidth=\skip85
\cftbeforeparaskip=\skip86
\cftparaindent=\skip87
\cftparanumwidth=\skip88
\cftbeforesubparaskip=\skip89
\cftsubparaindent=\skip90
\cftsubparanumwidth=\skip91
\cftbeforeloftitleskip=\skip92
\cftafterloftitleskip=\skip93
\cftbeforefigskip=\skip94
\cftfigindent=\skip95
\cftfignumwidth=\skip96
\c@lofdepth=\count198
\c@lotdepth=\count199
\cftbeforelottitleskip=\skip97
\cftafterlottitleskip=\skip98
\cftbeforetabskip=\skip99
\cfttabindent=\skip100
\cfttabnumwidth=\skip101
)
(/usr/local/texlive/2022/texmf-dist/tex/latex/geometry/geometry.sty
Package: geometry 2020/01/02 v5.9 Page Geometry

(/usr/local/texlive/2022/texmf-dist/tex/generic/iftex/ifvtex.sty
Package: ifvtex 2019/10/25 v1.7 ifvtex legacy package. Use iftex instead.

(/usr/local/texlive/2022/texmf-dist/tex/generic/iftex/iftex.sty
Package: iftex 2022/02/03 v1.0f TeX engine tests
))
\Gm@cnth=\count266
\Gm@cntv=\count267
\c@Gm@tempcnt=\count268
\Gm@bindingoffset=\dimen151
\Gm@wd@mp=\dimen152
\Gm@odd@mp=\dimen153
\Gm@even@mp=\dimen154
\Gm@layoutwidth=\dimen155
\Gm@layoutheight=\dimen156
\Gm@layouthoffset=\dimen157
\Gm@layoutvoffset=\dimen158
\Gm@dimlist=\toks20
))
(/usr/local/texlive/2022/texmf-dist/tex/latex/amsmath/amsmath.sty
Package: amsmath 2022/04/08 v2.17n AMS math features
\@mathmargin=\skip102

For additional information on amsmath, use the `?' option.
(/usr/local/texlive/2022/texmf-dist/tex/latex/amsmath/amstext.sty
Package: amstext 2021/08/26 v2.01 AMS text

(/usr/local/texlive/2022/texmf-dist/tex/latex/amsmath/amsgen.sty
File: amsgen.sty 1999/11/30 v2.0 generic functions
\@emptytoks=\toks21
\ex@=\dimen159
))
(/usr/local/texlive/2022/texmf-dist/tex/latex/amsmath/amsbsy.sty
Package: amsbsy 1999/11/29 v1.2d Bold Symbols
\pmbraise@=\dimen160
)
(/usr/local/texlive/2022/texmf-dist/tex/latex/amsmath/amsopn.sty
Package: amsopn 2022/04/08 v2.04 operator names
)
\inf@bad=\count269
LaTeX Info: Redefining \frac on input line 234.
\uproot@=\count270
\leftroot@=\count271
LaTeX Info: Redefining \overline on input line 399.
LaTeX Info: Redefining \colon on input line 410.
\classnum@=\count272
\DOTSCASE@=\count273
LaTeX Info: Redefining \ldots on input line 496.
LaTeX Info: Redefining \dots on input line 499.
LaTeX Info: Redefining \cdots on input line 620.
\Mathstrutbox@=\box52
\strutbox@=\box53
LaTeX Info: Redefining \big on input line 722.
LaTeX Info: Redefining \Big on input line 723.
LaTeX Info: Redefining \bigg on input line 724.
LaTeX Info: Redefining \Bigg on input line 725.
\big@size=\dimen161
LaTeX Font Info:    Redeclaring font encoding OML on input line 743.
LaTeX Font Info:    Redeclaring font encoding OMS on input line 744.
\macc@depth=\count274
LaTeX Info: Redefining \bmod on input line 905.
LaTeX Info: Redefining \pmod on input line 910.
LaTeX Info: Redefining \smash on input line 940.
LaTeX Info: Redefining \relbar on input line 970.
LaTeX Info: Redefining \Relbar on input line 971.
\c@MaxMatrixCols=\count275
\dotsspace@=\muskip16
\c@parentequation=\count276
\dspbrk@lvl=\count277
\tag@help=\toks22
\row@=\count278
\column@=\count279
\maxfields@=\count280
\andhelp@=\toks23
\eqnshift@=\dimen162
\alignsep@=\dimen163
\tagshift@=\dimen164
\tagwidth@=\dimen165
\totwidth@=\dimen166
\lineht@=\dimen167
\@envbody=\toks24
\multlinegap=\skip103
\multlinetaggap=\skip104
\mathdisplay@stack=\toks25
LaTeX Info: Redefining \[ on input line 2953.
LaTeX Info: Redefining \] on input line 2954.
)
(/usr/local/texlive/2022/texmf-dist/tex/latex/amsfonts/amsfonts.sty
Package: amsfonts 2013/01/14 v3.01 Basic AMSFonts support
\symAMSa=\mathgroup4
\symAMSb=\mathgroup5
LaTeX Font Info:    Redeclaring math symbol \hbar on input line 98.
LaTeX Font Info:    Overwriting math alphabet `\mathfrak' in version `bold'
(Font)                  U/euf/m/n --> U/euf/b/n on input line 106.
)
(/usr/local/texlive/2022/texmf-dist/tex/latex/hyperref/hyperref.sty
Package: hyperref 2022-06-20 v7.00s Hypertext links for LaTeX

(/usr/local/texlive/2022/texmf-dist/tex/generic/ltxcmds/ltxcmds.sty
Package: ltxcmds 2020-05-10 v1.25 LaTeX kernel commands for general use (HO)
)
(/usr/local/texlive/2022/texmf-dist/tex/generic/pdftexcmds/pdftexcmds.sty
Package: pdftexcmds 2020-06-27 v0.33 Utility functions of pdfTeX for LuaTeX (HO
)

(/usr/local/texlive/2022/texmf-dist/tex/generic/infwarerr/infwarerr.sty
Package: infwarerr 2019/12/03 v1.5 Providing info/warning/error messages (HO)
)
Package pdftexcmds Info: \pdf@primitive is available.
Package pdftexcmds Info: \pdf@ifprimitive is available.
Package pdftexcmds Info: \pdfdraftmode found.
)
(/usr/local/texlive/2022/texmf-dist/tex/generic/kvsetkeys/kvsetkeys.sty
Package: kvsetkeys 2019/12/15 v1.18 Key value parser (HO)
)
(/usr/local/texlive/2022/texmf-dist/tex/generic/kvdefinekeys/kvdefinekeys.sty
Package: kvdefinekeys 2019-12-19 v1.6 Define keys (HO)
)
(/usr/local/texlive/2022/texmf-dist/tex/generic/pdfescape/pdfescape.sty
Package: pdfescape 2019/12/09 v1.15 Implements pdfTeX's escape features (HO)
)
(/usr/local/texlive/2022/texmf-dist/tex/latex/hycolor/hycolor.sty
Package: hycolor 2020-01-27 v1.10 Color options for hyperref/bookmark (HO)
)
(/usr/local/texlive/2022/texmf-dist/tex/latex/letltxmacro/letltxmacro.sty
Package: letltxmacro 2019/12/03 v1.6 Let assignment for LaTeX macros (HO)
)
(/usr/local/texlive/2022/texmf-dist/tex/latex/auxhook/auxhook.sty
Package: auxhook 2019-12-17 v1.6 Hooks for auxiliary files (HO)
)
(/usr/local/texlive/2022/texmf-dist/tex/latex/hyperref/nameref.sty
Package: nameref 2022-05-17 v2.50 Cross-referencing by name of section

(/usr/local/texlive/2022/texmf-dist/tex/latex/refcount/refcount.sty
Package: refcount 2019/12/15 v3.6 Data extraction from label references (HO)
)
(/usr/local/texlive/2022/texmf-dist/tex/generic/gettitlestring/gettitlestring.s
ty
Package: gettitlestring 2019/12/15 v1.6 Cleanup title references (HO)
 (/usr/local/texlive/2022/texmf-dist/tex/latex/kvoptions/kvoptions.sty
Package: kvoptions 2022-06-15 v3.15 Key value format for package options (HO)
))
\c@section@level=\count281
)
\@linkdim=\dimen168
\Hy@linkcounter=\count282
\Hy@pagecounter=\count283

(/usr/local/texlive/2022/texmf-dist/tex/latex/hyperref/pd1enc.def
File: pd1enc.def 2022-06-20 v7.00s Hyperref: PDFDocEncoding definition (HO)
Now handling font encoding PD1 ...
... no UTF-8 mapping file for font encoding PD1
)
(/usr/local/texlive/2022/texmf-dist/tex/generic/intcalc/intcalc.sty
Package: intcalc 2019/12/15 v1.3 Expandable calculations with integers (HO)
)
(/usr/local/texlive/2022/texmf-dist/tex/generic/etexcmds/etexcmds.sty
Package: etexcmds 2019/12/15 v1.7 Avoid name clashes with e-TeX commands (HO)
)
\Hy@SavedSpaceFactor=\count284

(/usr/local/texlive/2022/texmf-dist/tex/latex/hyperref/puenc.def
File: puenc.def 2022-06-20 v7.00s Hyperref: PDF Unicode definition (HO)
Now handling font encoding PU ...
... no UTF-8 mapping file for font encoding PU
)
Package hyperref Info: Hyper figures OFF on input line 4162.
Package hyperref Info: Link nesting OFF on input line 4167.
Package hyperref Info: Hyper index ON on input line 4170.
Package hyperref Info: Plain pages OFF on input line 4177.
Package hyperref Info: Backreferencing OFF on input line 4182.
Package hyperref Info: Implicit mode ON; LaTeX internals redefined.
Package hyperref Info: Bookmarks ON on input line 4408.
\c@Hy@tempcnt=\count285

(/usr/local/texlive/2022/texmf-dist/tex/latex/url/url.sty
\Urlmuskip=\muskip17
Package: url 2013/09/16  ver 3.4  Verb mode for urls, etc.
)
LaTeX Info: Redefining \url on input line 4746.
\XeTeXLinkMargin=\dimen169

(/usr/local/texlive/2022/texmf-dist/tex/generic/bitset/bitset.sty
Package: bitset 2019/12/09 v1.3 Handle bit-vector datatype (HO)

(/usr/local/texlive/2022/texmf-dist/tex/generic/bigintcalc/bigintcalc.sty
Package: bigintcalc 2019/12/15 v1.5 Expandable calculations on big integers (HO
)
))
\Fld@menulength=\count286
\Field@Width=\dimen170
\Fld@charsize=\dimen171
Package hyperref Info: Hyper figures OFF on input line 6024.
Package hyperref Info: Link nesting OFF on input line 6029.
Package hyperref Info: Hyper index ON on input line 6032.
Package hyperref Info: backreferencing OFF on input line 6039.
Package hyperref Info: Link coloring OFF on input line 6044.
Package hyperref Info: Link coloring with OCG OFF on input line 6049.
Package hyperref Info: PDF/A mode OFF on input line 6054.

(/usr/local/texlive/2022/texmf-dist/tex/latex/base/atbegshi-ltx.sty
Package: atbegshi-ltx 2021/01/10 v1.0c Emulation of the original atbegshi
package with kernel methods
)
\Hy@abspage=\count287
\c@Item=\count288
\c@Hfootnote=\count289
)
Package hyperref Info: Driver (autodetected): hpdftex.

(/usr/local/texlive/2022/texmf-dist/tex/latex/hyperref/hpdftex.def
File: hpdftex.def 2022-06-20 v7.00s Hyperref driver for pdfTeX

(/usr/local/texlive/2022/texmf-dist/tex/latex/base/atveryend-ltx.sty
Package: atveryend-ltx 2020/08/19 v1.0a Emulation of the original atveryend pac
kage
with kernel methods
)
\Fld@listcount=\count290
\c@bookmark@seq@number=\count291

(/usr/local/texlive/2022/texmf-dist/tex/latex/rerunfilecheck/rerunfilecheck.sty
Package: rerunfilecheck 2022-07-10 v1.10 Rerun checks for auxiliary files (HO)

(/usr/local/texlive/2022/texmf-dist/tex/generic/uniquecounter/uniquecounter.sty
Package: uniquecounter 2019/12/15 v1.4 Provide unlimited unique counter (HO)
)
Package uniquecounter Info: New unique counter `rerunfilecheck' on input line 2
85.
)
\Hy@SectionHShift=\skip105
) (/usr/local/texlive/2022/texmf-dist/tex/latex/float/float.sty
Package: float 2001/11/08 v1.3d Float enhancements (AL)
\c@float@type=\count292
\float@exts=\toks26
\float@box=\box54
\@float@everytoks=\toks27
\@floatcapt=\box55
)
(/usr/local/texlive/2022/texmf-dist/tex/latex/glossaries/base/glossaries.sty
Package: glossaries 2021/11/01 v4.49 (NLCT)

(/usr/local/texlive/2022/texmf-dist/tex/latex/xkeyval/xkeyval.sty
Package: xkeyval 2022/06/16 v2.9 package option processing (HA)

(/usr/local/texlive/2022/texmf-dist/tex/generic/xkeyval/xkeyval.tex
(/usr/local/texlive/2022/texmf-dist/tex/generic/xkeyval/xkvutils.tex
\XKV@toks=\toks28
\XKV@tempa@toks=\toks29
)
\XKV@depth=\count293
File: xkeyval.tex 2014/12/03 v2.7a key=value parser (HA)
))
(/usr/local/texlive/2022/texmf-dist/tex/latex/mfirstuc/mfirstuc.sty
Package: mfirstuc 2021/10/15 v2.07 (NLCT)

(/usr/local/texlive/2022/texmf-dist/tex/latex/etoolbox/etoolbox.sty
Package: etoolbox 2020/10/05 v2.5k e-TeX tools for LaTeX (JAW)
\etb@tempcnta=\count294
)
\@glsmfirst=\toks30
\@glsmrest=\toks31
)
(/usr/local/texlive/2022/texmf-dist/tex/latex/textcase/textcase.sty
Package: textcase 2022/07/10 v1.03 Text only upper/lower case changing (DPC)
Package textcase Info: Defining Legacy names on input line 20.
)
(/usr/local/texlive/2022/texmf-dist/tex/latex/xfor/xfor.sty
Package: xfor 2009/02/05 v1.05 (NLCT)
)
(/usr/local/texlive/2022/texmf-dist/tex/latex/datatool/datatool-base.sty
Package: datatool-base 2019/09/27 v2.32 (NLCT)

(/usr/local/texlive/2022/texmf-dist/tex/latex/substr/substr.sty
Package: substr 2009/10/20 v1.2 Handle substrings
\c@su@anzahl=\count295
)
(/usr/local/texlive/2022/texmf-dist/tex/latex/datatool/datatool-fp.sty
Package: datatool-fp 2019/09/27 v2.32 (NLCT)

(/usr/local/texlive/2022/texmf-dist/tex/latex/fp/fp.sty
Package: fp 1995/04/02

`Fixed Point Package', Version 0.8, April 2, 1995 (C) Michael Mehlich
(/usr/local/texlive/2022/texmf-dist/tex/latex/fp/defpattern.sty
Package: defpattern 1994/10/12
\actioncount=\count296
)
(/usr/local/texlive/2022/texmf-dist/tex/latex/fp/fp-basic.sty
Package: fp-basic 1996/05/13
\FP@xs=\count297
\FP@xia=\count298
\FP@xib=\count299
\FP@xfa=\count300
\FP@xfb=\count301
\FP@rega=\count302
\FP@regb=\count303
\FP@regs=\count304
\FP@times=\count305
)
(/usr/local/texlive/2022/texmf-dist/tex/latex/fp/fp-addons.sty
Package: fp-addons 1995/03/15
)
(/usr/local/texlive/2022/texmf-dist/tex/latex/fp/fp-snap.sty
Package: fp-snap 1995/04/05
)
(/usr/local/texlive/2022/texmf-dist/tex/latex/fp/fp-exp.sty
Package: fp-exp 1995/04/03
)
(/usr/local/texlive/2022/texmf-dist/tex/latex/fp/fp-trigo.sty
Package: fp-trigo 1995/04/14
)
(/usr/local/texlive/2022/texmf-dist/tex/latex/fp/fp-pas.sty
Package: fp-pas 1994/08/29
)
(/usr/local/texlive/2022/texmf-dist/tex/latex/fp/fp-random.sty
Package: fp-random 1995/02/23
\FPseed=\count306
)
(/usr/local/texlive/2022/texmf-dist/tex/latex/fp/fp-eqn.sty
Package: fp-eqn 1995/04/03
)
(/usr/local/texlive/2022/texmf-dist/tex/latex/fp/fp-upn.sty
Package: fp-upn 1996/10/21
)
(/usr/local/texlive/2022/texmf-dist/tex/latex/fp/fp-eval.sty
Package: fp-eval 1995/04/03
)))
\@dtl@toks=\toks32
\@dtl@tmpcount=\count307
\dtl@tmplength=\skip106
\dtl@sortresult=\count308
\@dtl@numgrpsepcount=\count309
\@dtl@datatype=\count310
\dtl@codeA=\count311
\dtl@codeB=\count312
\@dtl@foreach@level=\count313
)
(/usr/local/texlive/2022/texmf-dist/tex/latex/glossaries/base/glossaries-compat
ible-307.sty
Package: glossaries-compatible-307 2021/11/01 v4.49 (NLCT)
)
(/usr/local/texlive/2022/texmf-dist/tex/latex/tracklang/tracklang.sty
Package: tracklang 2020/06/30 v1.5 (NLCT) Track Languages

(/usr/local/texlive/2022/texmf-dist/tex/generic/tracklang/tracklang.tex))
(/usr/local/texlive/2022/texmf-dist/tex/latex/translator/translator.sty
Package: translator 2021-05-31 v1.12d Easy translation of strings in LaTeX
)
(/usr/local/texlive/2022/texmf-dist/tex/latex/glossaries-english/glossaries-eng
lish.ldf
File: glossaries-english.ldf 2014/11/23 v1.0
)
\gls@level=\count314
\@gls@tmpb=\toks33
\gls@tmplen=\skip107
\glskeylisttok=\toks34
\glslabeltok=\toks35
\glsshorttok=\toks36
\glslongtok=\toks37

(/usr/local/texlive/2022/texmf-dist/tex/latex/glossaries/styles/glossary-hypern
av.sty
Package: glossary-hypernav 2021/11/01 v4.49 (NLCT)
)
(/usr/local/texlive/2022/texmf-dist/tex/latex/glossaries/styles/glossary-list.s
ty
Package: glossary-list 2021/11/01 v4.49 (NLCT)
\glslistdottedwidth=\skip108
)
(/usr/local/texlive/2022/texmf-dist/tex/latex/glossaries/styles/glossary-long.s
ty
Package: glossary-long 2021/11/01 v4.49 (NLCT)
 (/usr/local/texlive/2022/texmf-dist/tex/latex/tools/longtable.sty
Package: longtable 2021-09-01 v4.17 Multi-page Table package (DPC)
\LTleft=\skip109
\LTright=\skip110
\LTpre=\skip111
\LTpost=\skip112
\LTchunksize=\count315
\LTcapwidth=\dimen172
\LT@head=\box56
\LT@firsthead=\box57
\LT@foot=\box58
\LT@lastfoot=\box59
\LT@gbox=\box60
\LT@cols=\count316
\LT@rows=\count317
\c@LT@tables=\count318
\c@LT@chunks=\count319
\LT@p@ftn=\toks38
)
\glsdescwidth=\skip113
\glspagelistwidth=\skip114
)
(/usr/local/texlive/2022/texmf-dist/tex/latex/glossaries/styles/glossary-super.
sty
Package: glossary-super 2021/11/01 v4.49 (NLCT)
 (/usr/local/texlive/2022/texmf-dist/tex/latex/supertabular/supertabular.sty
Package: supertabular 2020/02/02 v4.1g the supertabular environment
\c@tracingst=\count320
\ST@wd=\dimen173
\ST@rightskip=\skip115
\ST@leftskip=\skip116
\ST@parfillskip=\skip117
\ST@pageleft=\dimen174
\ST@headht=\dimen175
\ST@tailht=\dimen176
\ST@pagesofar=\dimen177
\ST@pboxht=\dimen178
\ST@lineht=\dimen179
\ST@prevht=\dimen180
\ST@toadd=\dimen181
\ST@dimen=\dimen182
\ST@pbox=\box61
))
(/usr/local/texlive/2022/texmf-dist/tex/latex/glossaries/styles/glossary-tree.s
ty
Package: glossary-tree 2021/11/01 v4.49 (NLCT)
\glstreeindent=\skip118
)) (/usr/local/texlive/2022/texmf-dist/tex/latex/listings/listings.sty
\lst@mode=\count321
\lst@gtempboxa=\box62
\lst@token=\toks39
\lst@length=\count322
\lst@currlwidth=\dimen183
\lst@column=\count323
\lst@pos=\count324
\lst@lostspace=\dimen184
\lst@width=\dimen185
\lst@newlines=\count325
\lst@lineno=\count326
\lst@maxwidth=\dimen186

(/usr/local/texlive/2022/texmf-dist/tex/latex/listings/lstmisc.sty
File: lstmisc.sty 2020/03/24 1.8d (Carsten Heinz)
\c@lstnumber=\count327
\lst@skipnumbers=\count328
\lst@framebox=\box63
)
(/usr/local/texlive/2022/texmf-dist/tex/latex/listings/listings.cfg
File: listings.cfg 2020/03/24 1.8d listings configuration
))
Package: listings 2020/03/24 1.8d (Carsten Heinz)

(/usr/local/texlive/2022/texmf-dist/tex/latex/appendix/appendix.sty
Package: appendix 2020/02/08 v1.2c extra appendix facilities
\c@@pps=\count329
\c@@ppsavesec=\count330
\c@@ppsaveapp=\count331
)
Package hyperref Info: Option `colorlinks' set `true' on input line 36.

(/usr/local/texlive/2022/texmf-dist/tex/latex/l3backend/l3backend-pdftex.def
File: l3backend-pdftex.def 2022-08-30 L3 backend support: PDF output (pdfTeX)
\l__color_backend_stack_int=\count332
\l__pdf_internal_box=\box64
)
(/home/hugod/Documents/RapportResearchProject/out/main.aux)
\openout1 = `main.aux'.

LaTeX Font Info:    Checking defaults for OML/cmm/m/it on input line 108.
LaTeX Font Info:    ... okay on input line 108.
LaTeX Font Info:    Checking defaults for OMS/cmsy/m/n on input line 108.
LaTeX Font Info:    ... okay on input line 108.
LaTeX Font Info:    Checking defaults for OT1/cmr/m/n on input line 108.
LaTeX Font Info:    ... okay on input line 108.
LaTeX Font Info:    Checking defaults for T1/cmr/m/n on input line 108.
LaTeX Font Info:    ... okay on input line 108.
LaTeX Font Info:    Checking defaults for TS1/cmr/m/n on input line 108.
LaTeX Font Info:    ... okay on input line 108.
LaTeX Font Info:    Checking defaults for OMX/cmex/m/n on input line 108.
LaTeX Font Info:    ... okay on input line 108.
LaTeX Font Info:    Checking defaults for U/cmr/m/n on input line 108.
LaTeX Font Info:    ... okay on input line 108.
LaTeX Font Info:    Checking defaults for PD1/pdf/m/n on input line 108.
LaTeX Font Info:    ... okay on input line 108.
LaTeX Font Info:    Checking defaults for PU/pdf/m/n on input line 108.
LaTeX Font Info:    ... okay on input line 108.

(/usr/local/texlive/2022/texmf-dist/tex/context/base/mkii/supp-pdf.mkii
[Loading MPS to PDF converter (version 2006.09.02).]
\scratchcounter=\count333
\scratchdimen=\dimen187
\scratchbox=\box65
\nofMPsegments=\count334
\nofMParguments=\count335
\everyMPshowfont=\toks40
\MPscratchCnt=\count336
\MPscratchDim=\dimen188
\MPnumerator=\count337
\makeMPintoPDFobject=\count338
\everyMPtoPDFconversion=\toks41
) (/usr/local/texlive/2022/texmf-dist/tex/latex/epstopdf-pkg/epstopdf-base.sty
Package: epstopdf-base 2020-01-24 v2.11 Base part for package epstopdf

(/usr/local/texlive/2022/texmf-dist/tex/latex/grfext/grfext.sty
Package: grfext 2019/12/03 v1.3 Manage graphics extensions (HO)
)
Package epstopdf-base Info: Redefining graphics rule for `.eps' on input line 4
85.
Package grfext Info: Graphics extension search list:
(grfext)             [.pdf,.png,.jpg,.mps,.jpeg,.jbig2,.jb2,.PDF,.PNG,.JPG,.JPE
G,.JBIG2,.JB2,.eps]
(grfext)             \AppendGraphicsExtensions on input line 504.

(/usr/local/texlive/2022/texmf-dist/tex/latex/latexconfig/epstopdf-sys.cfg
File: epstopdf-sys.cfg 2010/07/13 v1.3 Configuration of (r)epstopdf for TeX Liv
e
))
Package lastpage Info: Please have a look at the pageslts package at
(lastpage)             https://www.ctan.org/pkg/pageslts
(lastpage)             ! on input line 108.

*geometry* driver: auto-detecting
*geometry* detected driver: pdftex
*geometry* verbose mode - [ preamble ] result:
* driver: pdftex
* paper: <default>
* layout: <same size as paper>
* layoutoffset:(h,v)=(0.0pt,0.0pt)
* modes: 
* h-part:(L,W,R)=(71.13188pt, 455.24411pt, 71.13188pt)
* v-part:(T,H,B)=(56.9055pt, 688.5567pt, 99.58464pt)
* \paperwidth=597.50787pt
* \paperheight=845.04684pt
* \textwidth=455.24411pt
* \textheight=688.5567pt
* \oddsidemargin=-1.1381pt
* \evensidemargin=-1.1381pt
* \topmargin=-52.36449pt
* \headheight=12.0pt
* \headsep=25.0pt
* \topskip=12.0pt
* \footskip=30.0pt
* \marginparwidth=35.0pt
* \marginparsep=10.0pt
* \columnsep=10.0pt
* \skip\footins=10.8pt plus 4.0pt minus 2.0pt
* \hoffset=0.0pt
* \voffset=0.0pt
* \mag=1000
* \@twocolumnfalse
* \@twosidefalse
* \@mparswitchfalse
* \@reversemarginfalse
* (1in=72.27pt=25.4mm, 1cm=28.453pt)

Package hyperref Info: Link coloring ON on input line 108.
(/home/hugod/Documents/RapportResearchProject/out/main.out)
(/home/hugod/Documents/RapportResearchProject/out/main.out)
\@outlinefile=\write3
\openout3 = `main.out'.

\c@lstlisting=\count339
<../resources//first_page/iit_logo.png, id=265, 451.6875pt x 110.66344pt>
File: ../resources//first_page/iit_logo.png Graphic file (type png)
<use ../resources//first_page/iit_logo.png>
Package pdftex.def Info: ../resources//first_page/iit_logo.png  used on input l
ine 110.
(pdftex.def)             Requested size: 455.24411pt x 111.5412pt.
<../resources//first_page/ensimag_logo_first_page.png, id=267, 436.63126pt x 15
0.5625pt>
File: ../resources//first_page/ensimag_logo_first_page.png Graphic file (type p
ng)
<use ../resources//first_page/ensimag_logo_first_page.png>
Package pdftex.def Info: ../resources//first_page/ensimag_logo_first_page.png  
used on input line 110.
(pdftex.def)             Requested size: 364.19667pt x 125.58482pt.
LaTeX Font Info:    Trying to load font information for U+msa on input line 110
.

(/usr/local/texlive/2022/texmf-dist/tex/latex/amsfonts/umsa.fd
File: umsa.fd 2013/01/14 v3.01 AMS symbols A
)
LaTeX Font Info:    Trying to load font information for U+msb on input line 110
.

(/usr/local/texlive/2022/texmf-dist/tex/latex/amsfonts/umsb.fd
File: umsb.fd 2013/01/14 v3.01 AMS symbols B
)
Overfull \hbox (251.62201pt too wide) in paragraph at lines 110--110
 [] 
 []

<../resources//first_page/report_first_page_triangle.png, id=268, 112.92188pt x
 195.73125pt>
File: ../resources//first_page/report_first_page_triangle.png Graphic file (typ
e png)
<use ../resources//first_page/report_first_page_triangle.png>
Package pdftex.def Info: ../resources//first_page/report_first_page_triangle.pn
g  used on input line 110.
(pdftex.def)             Requested size: 185.27231pt x 321.13869pt.
[1

{/usr/local/texlive/2022/texmf-var/fonts/map/pdftex/updmap/pdftex.map} </home/h
ugod/Documents/RapportResearchProject/out/../resources//first_page/report_first
_page_triangle.png> </home/hugod/Documents/RapportResearchProject/out/../resour
ces//first_page/iit_logo.png> </home/hugod/Documents/RapportResearchProject/out
/../resources//first_page/ensimag_logo_first_page.png>]
(/home/hugod/Documents/RapportResearchProject/out/main.toc
pdfTeX warning (ext4): destination with the same identifier (name{page.1}) has 
been already used, duplicate ignored
<to be read again> 
                   \relax 
l.45 ...ssification of DApps}{28}{subsection.5.10}
                                                  % [1])
\tf@toc=\write4
\openout4 = `main.toc'.

<../resources//first_page/iit_triangle.png, id=352, 301.125pt x 260.975pt>
File: ../resources//first_page/iit_triangle.png Graphic file (type png)
<use ../resources//first_page/iit_triangle.png>
Package pdftex.def Info: ../resources//first_page/iit_triangle.png  used on inp
ut line 117.
(pdftex.def)             Requested size: 45.1668pt x 39.14456pt.
<../resources//first_page/ensimag_logo.png, id=353, 225.84375pt x 225.84375pt>
File: ../resources//first_page/ensimag_logo.png Graphic file (type png)
<use ../resources//first_page/ensimag_logo.png>
Package pdftex.def Info: ../resources//first_page/ensimag_logo.png  used on inp
ut line 117.
(pdftex.def)             Requested size: 33.87509pt x 33.87509pt.
 [2 </home/hugod/Documents/RapportResearchProject/out/../resources//first_page/
iit_triangle.png> </home/hugod/Documents/RapportResearchProject/out/../resource
s//first_page/ensimag_logo.png>] (/home/hugod/Documents/RapportResearchProject/
out/main.lof
Overfull \hbox (3.82573pt too wide) in paragraph at lines 13--13
 [][] [][][]\T1/cmr/m/n/12 Repartition of sign-ing meth-ods on top 100 [][][]De
-cen-tral-ized Ap-pli-ca-tions (DApps)[][][][] []  
 []

)
\tf@lof=\write5
\openout5 = `main.lof'.

 (/home/hugod/Documents/RapportResearchProject/out/main.lot)
\tf@lot=\write6
\openout6 = `main.lot'.

 [3]
Using TeX to sort glossary entries---this may take a while
Using TeX to sort glossary entries---this may take a while
File: ../resources//first_page/iit_triangle.png Graphic file (type png)
<use ../resources//first_page/iit_triangle.png>
Package pdftex.def Info: ../resources//first_page/iit_triangle.png  used on inp
ut line 129.
(pdftex.def)             Requested size: 45.1668pt x 39.14456pt.
File: ../resources//first_page/ensimag_logo.png Graphic file (type png)
<use ../resources//first_page/ensimag_logo.png>
Package pdftex.def Info: ../resources//first_page/ensimag_logo.png  used on inp
ut line 129.
(pdftex.def)             Requested size: 33.87509pt x 33.87509pt.
[4]
Underfull \hbox (badness 10000) in paragraph at lines 139--140

 []


Underfull \hbox (badness 10000) in paragraph at lines 144--145

 []

File: ../resources//first_page/iit_triangle.png Graphic file (type png)
<use ../resources//first_page/iit_triangle.png>
Package pdftex.def Info: ../resources//first_page/iit_triangle.png  used on inp
ut line 152.
(pdftex.def)             Requested size: 45.1668pt x 39.14456pt.
File: ../resources//first_page/ensimag_logo.png Graphic file (type png)
<use ../resources//first_page/ensimag_logo.png>
Package pdftex.def Info: ../resources//first_page/ensimag_logo.png  used on inp
ut line 152.
(pdftex.def)             Requested size: 33.87509pt x 33.87509pt.
[5

]
Underfull \hbox (badness 10000) in paragraph at lines 158--159

 []


Underfull \hbox (badness 10000) in paragraph at lines 163--164

 []


Underfull \hbox (badness 10000) in paragraph at lines 169--170

 []

File: ../resources//first_page/iit_triangle.png Graphic file (type png)
<use ../resources//first_page/iit_triangle.png>
Package pdftex.def Info: ../resources//first_page/iit_triangle.png  used on inp
ut line 178.
(pdftex.def)             Requested size: 45.1668pt x 39.14456pt.
File: ../resources//first_page/ensimag_logo.png Graphic file (type png)
<use ../resources//first_page/ensimag_logo.png>
Package pdftex.def Info: ../resources//first_page/ensimag_logo.png  used on inp
ut line 178.
(pdftex.def)             Requested size: 33.87509pt x 33.87509pt.
[6

]
Underfull \hbox (badness 10000) in paragraph at lines 212--213

 []


Underfull \hbox (badness 10000) in paragraph at lines 217--218

 []

File: ../resources//first_page/iit_triangle.png Graphic file (type png)
<use ../resources//first_page/iit_triangle.png>
Package pdftex.def Info: ../resources//first_page/iit_triangle.png  used on inp
ut line 224.
(pdftex.def)             Requested size: 45.1668pt x 39.14456pt.
File: ../resources//first_page/ensimag_logo.png Graphic file (type png)
<use ../resources//first_page/ensimag_logo.png>
Package pdftex.def Info: ../resources//first_page/ensimag_logo.png  used on inp
ut line 224.
(pdftex.def)             Requested size: 33.87509pt x 33.87509pt.
[7

]
Underfull \hbox (badness 10000) in paragraph at lines 231--232

 []


Overfull \hbox (2.76332pt too wide) in paragraph at lines 233--236
\T1/cmr/m/n/12 un-der-taken, fo-cus-ing on the se-cu-rity land-scape of de-cen-
tral-ized ap-pli-ca-tions and blockchain
 []


Underfull \hbox (badness 10000) in paragraph at lines 237--238

 []

File: ../resources//first_page/iit_triangle.png Graphic file (type png)
<use ../resources//first_page/iit_triangle.png>
Package pdftex.def Info: ../resources//first_page/iit_triangle.png  used on inp
ut line 243.
(pdftex.def)             Requested size: 45.1668pt x 39.14456pt.
File: ../resources//first_page/ensimag_logo.png Graphic file (type png)
<use ../resources//first_page/ensimag_logo.png>
Package pdftex.def Info: ../resources//first_page/ensimag_logo.png  used on inp
ut line 243.
(pdftex.def)             Requested size: 33.87509pt x 33.87509pt.
[8

]
File: ../resources//first_page/iit_triangle.png Graphic file (type png)
<use ../resources//first_page/iit_triangle.png>
Package pdftex.def Info: ../resources//first_page/iit_triangle.png  used on inp
ut line 277.
(pdftex.def)             Requested size: 45.1668pt x 39.14456pt.
File: ../resources//first_page/ensimag_logo.png Graphic file (type png)
<use ../resources//first_page/ensimag_logo.png>
Package pdftex.def Info: ../resources//first_page/ensimag_logo.png  used on inp
ut line 277.
(pdftex.def)             Requested size: 33.87509pt x 33.87509pt.
 [9

]

LaTeX Warning: Citation `dappradar' on page 10 undefined on input line 284.


Underfull \hbox (badness 10000) in paragraph at lines 292--293

 []


LaTeX Warning: Citation `uniswap' on page 10 undefined on input line 294.

<../resources//github/github-58k-results.png, id=558, 691.58376pt x 154.5775pt>

File: ../resources//github/github-58k-results.png Graphic file (type png)
<use ../resources//github/github-58k-results.png>
Package pdftex.def Info: ../resources//github/github-58k-results.png  used on i
nput line 312.
(pdftex.def)             Requested size: 359.63979pt x 80.38547pt.
File: ../resources//first_page/iit_triangle.png Graphic file (type png)
<use ../resources//first_page/iit_triangle.png>
Package pdftex.def Info: ../resources//first_page/iit_triangle.png  used on inp
ut line 348.
(pdftex.def)             Requested size: 45.1668pt x 39.14456pt.
File: ../resources//first_page/ensimag_logo.png Graphic file (type png)
<use ../resources//first_page/ensimag_logo.png>
Package pdftex.def Info: ../resources//first_page/ensimag_logo.png  used on inp
ut line 348.
(pdftex.def)             Requested size: 33.87509pt x 33.87509pt.
[10


pdfTeX warning (ext4): destination with the same identifier (name{figure.1}) ha
s been already used, duplicate ignored
<argument> ...shipout:D \box_use:N \l_shipout_box 
                                                  \__shipout_drop_firstpage_...
l.348 
       </home/hugod/Documents/RapportResearchProject/out/../resources//github/g
ithub-58k-results.png>]
File: ../resources//first_page/iit_triangle.png Graphic file (type png)
<use ../resources//first_page/iit_triangle.png>
Package pdftex.def Info: ../resources//first_page/iit_triangle.png  used on inp
ut line 379.
(pdftex.def)             Requested size: 45.1668pt x 39.14456pt.
File: ../resources//first_page/ensimag_logo.png Graphic file (type png)
<use ../resources//first_page/ensimag_logo.png>
Package pdftex.def Info: ../resources//first_page/ensimag_logo.png  used on inp
ut line 379.
(pdftex.def)             Requested size: 33.87509pt x 33.87509pt.
 [11
pdfTeX warning (ext4): destination with the same identifier (name{table.1}) has
 been already used, duplicate ignored
<argument> ...shipout:D \box_use:N \l_shipout_box 
                                                  \__shipout_drop_firstpage_...
l.379     \clearpage
                    ]
<../resources//metamask/metamask_extension.png, id=587, 380.17032pt x 466.74374
pt>
File: ../resources//metamask/metamask_extension.png Graphic file (type png)
<use ../resources//metamask/metamask_extension.png>
Package pdftex.def Info: ../resources//metamask/metamask_extension.png  used on
 input line 387.
(pdftex.def)             Requested size: 223.07211pt x 273.87369pt.


LaTeX Warning: Citation `metamaskdoc' on page 12 undefined on input line 400.


LaTeX Warning: Citation `metamaskplayground' on page 12 undefined on input line
 400.


Underfull \hbox (badness 10000) in paragraph at lines 402--403

 []

File: ../resources//first_page/iit_triangle.png Graphic file (type png)
<use ../resources//first_page/iit_triangle.png>
Package pdftex.def Info: ../resources//first_page/iit_triangle.png  used on inp
ut line 408.
(pdftex.def)             Requested size: 45.1668pt x 39.14456pt.
File: ../resources//first_page/ensimag_logo.png Graphic file (type png)
<use ../resources//first_page/ensimag_logo.png>
Package pdftex.def Info: ../resources//first_page/ensimag_logo.png  used on inp
ut line 408.
(pdftex.def)             Requested size: 33.87509pt x 33.87509pt.
[12


pdfTeX warning (ext4): destination with the same identifier (name{figure.2}) ha
s been already used, duplicate ignored
<argument> ...shipout:D \box_use:N \l_shipout_box 
                                                  \__shipout_drop_firstpage_...
l.408     \clearpage
                     </home/hugod/Documents/RapportResearchProject/out/../resou
rces//metamask/metamask_extension.png>]
Underfull \hbox (badness 10000) in paragraph at lines 415--416

 []


Underfull \hbox (badness 10000) in paragraph at lines 423--424

 []

<../resources//metamask/metamask_api_gsheet.png, id=605, 1906.12125pt x 590.205
pt>
File: ../resources//metamask/metamask_api_gsheet.png Graphic file (type png)
<use ../resources//metamask/metamask_api_gsheet.png>
Package pdftex.def Info: ../resources//metamask/metamask_api_gsheet.png  used o
n input line 431.
(pdftex.def)             Requested size: 450.69417pt x 139.54474pt.

Underfull \hbox (badness 10000) in paragraph at lines 436--437

 []


LaTeX Warning: Citation `ethersdoc' on page 13 undefined on input line 442.


LaTeX Warning: Citation `metamaskdoc' on page 13 undefined on input line 442.


Underfull \hbox (badness 10000) in paragraph at lines 444--445

 []


LaTeX Warning: Citation `web3doc' on page 13 undefined on input line 448.

File: ../resources//first_page/iit_triangle.png Graphic file (type png)
<use ../resources//first_page/iit_triangle.png>
Package pdftex.def Info: ../resources//first_page/iit_triangle.png  used on inp
ut line 450.
(pdftex.def)             Requested size: 45.1668pt x 39.14456pt.
File: ../resources//first_page/ensimag_logo.png Graphic file (type png)
<use ../resources//first_page/ensimag_logo.png>
Package pdftex.def Info: ../resources//first_page/ensimag_logo.png  used on inp
ut line 450.
(pdftex.def)             Requested size: 33.87509pt x 33.87509pt.
[13


pdfTeX warning (ext4): destination with the same identifier (name{figure.3}) ha
s been already used, duplicate ignored
<argument> ...shipout:D \box_use:N \l_shipout_box 
                                                  \__shipout_drop_firstpage_...
l.450     \clearpage
                     </home/hugod/Documents/RapportResearchProject/out/../resou
rces//metamask/metamask_api_gsheet.png>]

LaTeX Warning: Citation `eipdef' on page 14 undefined on input line 465.


Underfull \hbox (badness 10000) in paragraph at lines 473--474

 []

File: ../resources//first_page/iit_triangle.png Graphic file (type png)
<use ../resources//first_page/iit_triangle.png>
Package pdftex.def Info: ../resources//first_page/iit_triangle.png  used on inp
ut line 484.
(pdftex.def)             Requested size: 45.1668pt x 39.14456pt.
File: ../resources//first_page/ensimag_logo.png Graphic file (type png)
<use ../resources//first_page/ensimag_logo.png>
Package pdftex.def Info: ../resources//first_page/ensimag_logo.png  used on inp
ut line 484.
(pdftex.def)             Requested size: 33.87509pt x 33.87509pt.
[14

]

LaTeX Warning: Citation `eip721' on page 15 undefined on input line 495.


Underfull \hbox (badness 10000) in paragraph at lines 498--499

 []


LaTeX Warning: Citation `eip20' on page 15 undefined on input line 500.


Underfull \hbox (badness 10000) in paragraph at lines 505--506

 []


LaTeX Warning: Citation `eip712' on page 15 undefined on input line 512.


Underfull \hbox (badness 10000) in paragraph at lines 518--519

 []

File: ../resources//first_page/iit_triangle.png Graphic file (type png)
<use ../resources//first_page/iit_triangle.png>
Package pdftex.def Info: ../resources//first_page/iit_triangle.png  used on inp
ut line 525.
(pdftex.def)             Requested size: 45.1668pt x 39.14456pt.
File: ../resources//first_page/ensimag_logo.png Graphic file (type png)
<use ../resources//first_page/ensimag_logo.png>
Package pdftex.def Info: ../resources//first_page/ensimag_logo.png  used on inp
ut line 525.
(pdftex.def)             Requested size: 33.87509pt x 33.87509pt.
[15

]
Underfull \hbox (badness 10000) in paragraph at lines 526--527

 []

File: ../resources//first_page/iit_triangle.png Graphic file (type png)
<use ../resources//first_page/iit_triangle.png>
Package pdftex.def Info: ../resources//first_page/iit_triangle.png  used on inp
ut line 530.
(pdftex.def)             Requested size: 45.1668pt x 39.14456pt.
File: ../resources//first_page/ensimag_logo.png Graphic file (type png)
<use ../resources//first_page/ensimag_logo.png>
Package pdftex.def Info: ../resources//first_page/ensimag_logo.png  used on inp
ut line 530.
(pdftex.def)             Requested size: 33.87509pt x 33.87509pt.
[16]
Underfull \hbox (badness 10000) in paragraph at lines 541--542

 []

<../resources//signature/eth_sign_message.png, id=652, 361.35pt x 659.46375pt>
File: ../resources//signature/eth_sign_message.png Graphic file (type png)
<use ../resources//signature/eth_sign_message.png>
Package pdftex.def Info: ../resources//signature/eth_sign_message.png  used on 
input line 555.
(pdftex.def)             Requested size: 177.54492pt x 324.0155pt.
File: ../resources//first_page/iit_triangle.png Graphic file (type png)
<use ../resources//first_page/iit_triangle.png>
Package pdftex.def Info: ../resources//first_page/iit_triangle.png  used on inp
ut line 563.
(pdftex.def)             Requested size: 45.1668pt x 39.14456pt.
File: ../resources//first_page/ensimag_logo.png Graphic file (type png)
<use ../resources//first_page/ensimag_logo.png>
Package pdftex.def Info: ../resources//first_page/ensimag_logo.png  used on inp
ut line 563.
(pdftex.def)             Requested size: 33.87509pt x 33.87509pt.
[17


pdfTeX warning (ext4): destination with the same identifier (name{figure.4}) ha
s been already used, duplicate ignored
<argument> ...shipout:D \box_use:N \l_shipout_box 
                                                  \__shipout_drop_firstpage_...
l.563 
       </home/hugod/Documents/RapportResearchProject/out/../resources//signatur
e/eth_sign_message.png>]
Underfull \hbox (badness 10000) in paragraph at lines 564--565

 []

<../resources//signature/eth_sign_warning.png, id=660, 144.13399pt x 242.3887pt
>
File: ../resources//signature/eth_sign_warning.png Graphic file (type png)
<use ../resources//signature/eth_sign_warning.png>
Package pdftex.def Info: ../resources//signature/eth_sign_warning.png  used on 
input line 573.
(pdftex.def)             Requested size: 223.07211pt x 375.15858pt.
File: ../resources//first_page/iit_triangle.png Graphic file (type png)
<use ../resources//first_page/iit_triangle.png>
Package pdftex.def Info: ../resources//first_page/iit_triangle.png  used on inp
ut line 581.
(pdftex.def)             Requested size: 45.1668pt x 39.14456pt.
File: ../resources//first_page/ensimag_logo.png Graphic file (type png)
<use ../resources//first_page/ensimag_logo.png>
Package pdftex.def Info: ../resources//first_page/ensimag_logo.png  used on inp
ut line 581.
(pdftex.def)             Requested size: 33.87509pt x 33.87509pt.
[18
pdfTeX warning (ext4): destination with the same identifier (name{figure.5}) ha
s been already used, duplicate ignored
<argument> ...shipout:D \box_use:N \l_shipout_box 
                                                  \__shipout_drop_firstpage_...
l.581     \clearpage
                     </home/hugod/Documents/RapportResearchProject/out/../resou
rces//signature/eth_sign_warning.png>]
<../resources//signature/personal_sign_message.png, id=670, 370.38374pt x 665.4
8625pt>
File: ../resources//signature/personal_sign_message.png Graphic file (type png)

<use ../resources//signature/personal_sign_message.png>
Package pdftex.def Info: ../resources//signature/personal_sign_message.png  use
d on input line 594.
(pdftex.def)             Requested size: 223.07211pt x 400.80785pt.
File: ../resources//first_page/iit_triangle.png Graphic file (type png)
<use ../resources//first_page/iit_triangle.png>
Package pdftex.def Info: ../resources//first_page/iit_triangle.png  used on inp
ut line 599.
(pdftex.def)             Requested size: 45.1668pt x 39.14456pt.
File: ../resources//first_page/ensimag_logo.png Graphic file (type png)
<use ../resources//first_page/ensimag_logo.png>
Package pdftex.def Info: ../resources//first_page/ensimag_logo.png  used on inp
ut line 599.
(pdftex.def)             Requested size: 33.87509pt x 33.87509pt.
 [19


pdfTeX warning (ext4): destination with the same identifier (name{figure.6}) ha
s been already used, duplicate ignored
<argument> ...shipout:D \box_use:N \l_shipout_box 
                                                  \__shipout_drop_firstpage_...
l.599     \clearpage
                     </home/hugod/Documents/RapportResearchProject/out/../resou
rces//signature/personal_sign_message.png>]
<../resources//signature/eth_signtypeddatav4_message.png, id=678, 384.43625pt x
 675.52374pt>
File: ../resources//signature/eth_signtypeddatav4_message.png Graphic file (typ
e png)
<use ../resources//signature/eth_signtypeddatav4_message.png>
Package pdftex.def Info: ../resources//signature/eth_signtypeddatav4_message.pn
g  used on input line 612.
(pdftex.def)             Requested size: 204.85846pt x 359.98433pt.

Underfull \hbox (badness 10000) in paragraph at lines 622--623

 []


Overfull \hbox (18.30235pt too wide) in paragraph at lines 624--626
\T1/cmr/m/n/12 not rec-om-mended. Fur-ther-more, as \T1/cmr/m/it/12 per-sonal_s
ign \T1/cmr/m/n/12 is not very ef-fi-cient and \T1/cmr/m/it/12 eth_signTypedDat
a
 []

File: ../resources//first_page/iit_triangle.png Graphic file (type png)
<use ../resources//first_page/iit_triangle.png>
Package pdftex.def Info: ../resources//first_page/iit_triangle.png  used on inp
ut line 627.
(pdftex.def)             Requested size: 45.1668pt x 39.14456pt.
File: ../resources//first_page/ensimag_logo.png Graphic file (type png)
<use ../resources//first_page/ensimag_logo.png>
Package pdftex.def Info: ../resources//first_page/ensimag_logo.png  used on inp
ut line 627.
(pdftex.def)             Requested size: 33.87509pt x 33.87509pt.
[20


pdfTeX warning (ext4): destination with the same identifier (name{figure.7}) ha
s been already used, duplicate ignored
<argument> ...shipout:D \box_use:N \l_shipout_box 
                                                  \__shipout_drop_firstpage_...
l.627     \clearpage
                     </home/hugod/Documents/RapportResearchProject/out/../resou
rces//signature/eth_signtypeddatav4_message.png>]
Underfull \hbox (badness 10000) in paragraph at lines 649--650

 []


Underfull \hbox (badness 10000) in paragraph at lines 655--656

 []


Underfull \hbox (badness 10000) in paragraph at lines 663--664

 []

<../resources//metamask/dapp_test_hugo.png, id=696, 1633.10126pt x 876.27374pt>

File: ../resources//metamask/dapp_test_hugo.png Graphic file (type png)
<use ../resources//metamask/dapp_test_hugo.png>
Package pdftex.def Info: ../resources//metamask/dapp_test_hugo.png  used on inp
ut line 671.
(pdftex.def)             Requested size: 409.71692pt x 219.83003pt.
File: ../resources//first_page/iit_triangle.png Graphic file (type png)
<use ../resources//first_page/iit_triangle.png>
Package pdftex.def Info: ../resources//first_page/iit_triangle.png  used on inp
ut line 675.
(pdftex.def)             Requested size: 45.1668pt x 39.14456pt.
File: ../resources//first_page/ensimag_logo.png Graphic file (type png)
<use ../resources//first_page/ensimag_logo.png>
Package pdftex.def Info: ../resources//first_page/ensimag_logo.png  used on inp
ut line 675.
(pdftex.def)             Requested size: 33.87509pt x 33.87509pt.
[21

]
Underfull \hbox (badness 10000) in paragraph at lines 683--684

 []

<../resources//signature/payload_signtypeddata.png, id=706, 584.1825pt x 625.33
624pt>
File: ../resources//signature/payload_signtypeddata.png Graphic file (type png)

<use ../resources//signature/payload_signtypeddata.png>
Package pdftex.def Info: ../resources//signature/payload_signtypeddata.png  use
d on input line 697.
(pdftex.def)             Requested size: 314.11954pt x 336.2548pt.
File: ../resources//first_page/iit_triangle.png Graphic file (type png)
<use ../resources//first_page/iit_triangle.png>
Package pdftex.def Info: ../resources//first_page/iit_triangle.png  used on inp
ut line 701.
(pdftex.def)             Requested size: 45.1668pt x 39.14456pt.
File: ../resources//first_page/ensimag_logo.png Graphic file (type png)
<use ../resources//first_page/ensimag_logo.png>
Package pdftex.def Info: ../resources//first_page/ensimag_logo.png  used on inp
ut line 701.
(pdftex.def)             Requested size: 33.87509pt x 33.87509pt.
[22
pdfTeX warning (ext4): destination with the same identifier (name{figure.8}) ha
s been already used, duplicate ignored
<argument> ...shipout:D \box_use:N \l_shipout_box 
                                                  \__shipout_drop_firstpage_...
l.701 
       </home/hugod/Documents/RapportResearchProject/out/../resources//metamask
/dapp_test_hugo.png>]
Underfull \hbox (badness 10000) in paragraph at lines 712--713

 []

File: ../resources//first_page/iit_triangle.png Graphic file (type png)
<use ../resources//first_page/iit_triangle.png>
Package pdftex.def Info: ../resources//first_page/iit_triangle.png  used on inp
ut line 719.
(pdftex.def)             Requested size: 45.1668pt x 39.14456pt.
File: ../resources//first_page/ensimag_logo.png Graphic file (type png)
<use ../resources//first_page/ensimag_logo.png>
Package pdftex.def Info: ../resources//first_page/ensimag_logo.png  used on inp
ut line 719.
(pdftex.def)             Requested size: 33.87509pt x 33.87509pt.
[23
pdfTeX warning (ext4): destination with the same identifier (name{figure.9}) ha
s been already used, duplicate ignored
<argument> ...shipout:D \box_use:N \l_shipout_box 
                                                  \__shipout_drop_firstpage_...
l.719     \clearpage
                     </home/hugod/Documents/RapportResearchProject/out/../resou
rces//signature/payload_signtypeddata.png>]
Underfull \hbox (badness 10000) in paragraph at lines 729--730

 []


Underfull \hbox (badness 10000) in paragraph at lines 735--736

 []

<../resources//signature/dapp_signature_result.png, id=721, 1316.92pt x 595.223
75pt>
File: ../resources//signature/dapp_signature_result.png Graphic file (type png)

<use ../resources//signature/dapp_signature_result.png>
Package pdftex.def Info: ../resources//signature/dapp_signature_result.png  use
d on input line 742.
(pdftex.def)             Requested size: 409.71692pt x 185.18047pt.

Underfull \hbox (badness 10000) in paragraph at lines 753--754

 []


LaTeX Warning: Citation `githubapi' on page 24 undefined on input line 755.

File: ../resources//first_page/iit_triangle.png Graphic file (type png)
<use ../resources//first_page/iit_triangle.png>
Package pdftex.def Info: ../resources//first_page/iit_triangle.png  used on inp
ut line 761.
(pdftex.def)             Requested size: 45.1668pt x 39.14456pt.
File: ../resources//first_page/ensimag_logo.png Graphic file (type png)
<use ../resources//first_page/ensimag_logo.png>
Package pdftex.def Info: ../resources//first_page/ensimag_logo.png  used on inp
ut line 761.
(pdftex.def)             Requested size: 33.87509pt x 33.87509pt.
[24


pdfTeX warning (ext4): destination with the same identifier (name{figure.10}) h
as been already used, duplicate ignored
<argument> ...shipout:D \box_use:N \l_shipout_box 
                                                  \__shipout_drop_firstpage_...
l.761     \clearpage
                     </home/hugod/Documents/RapportResearchProject/out/../resou
rces//signature/dapp_signature_result.png>]
Underfull \hbox (badness 10000) in paragraph at lines 770--771

 []

<../resources//github/github_search_repo.png, id=738, 1645.14626pt x 261.97874p
t>
File: ../resources//github/github_search_repo.png Graphic file (type png)
<use ../resources//github/github_search_repo.png>
Package pdftex.def Info: ../resources//github/github_search_repo.png  used on i
nput line 777.
(pdftex.def)             Requested size: 450.69417pt x 71.77054pt.

Underfull \hbox (badness 10000) in paragraph at lines 788--789

 []


Underfull \hbox (badness 10000) in paragraph at lines 817--818

 []

<../resources//signature/repartiton_top100_dapps.png, id=751, 602.25pt x 372.39
125pt>
File: ../resources//signature/repartiton_top100_dapps.png Graphic file (type pn
g)
<use ../resources//signature/repartiton_top100_dapps.png>
Package pdftex.def Info: ../resources//signature/repartiton_top100_dapps.png  u
sed on input line 825.
(pdftex.def)             Requested size: 314.11954pt x 194.2355pt.
File: ../resources//first_page/iit_triangle.png Graphic file (type png)
<use ../resources//first_page/iit_triangle.png>
Package pdftex.def Info: ../resources//first_page/iit_triangle.png  used on inp
ut line 829.
(pdftex.def)             Requested size: 45.1668pt x 39.14456pt.
File: ../resources//first_page/ensimag_logo.png Graphic file (type png)
<use ../resources//first_page/ensimag_logo.png>
Package pdftex.def Info: ../resources//first_page/ensimag_logo.png  used on inp
ut line 829.
(pdftex.def)             Requested size: 33.87509pt x 33.87509pt.
[25


pdfTeX warning (ext4): destination with the same identifier (name{figure.11}) h
as been already used, duplicate ignored
<argument> ...shipout:D \box_use:N \l_shipout_box 
                                                  \__shipout_drop_firstpage_...
l.829 
      
pdfTeX warning (ext4): destination with the same identifier (name{table.2}) has
 been already used, duplicate ignored
<argument> ...shipout:D \box_use:N \l_shipout_box 
                                                  \__shipout_drop_firstpage_...
l.829 
       </home/hugod/Documents/RapportResearchProject/out/../resources//github/g
ithub_search_repo.png>]
<../resources//signature/repartiton_all_dapps.png, id=760, 602.25pt x 372.39125
pt>
File: ../resources//signature/repartiton_all_dapps.png Graphic file (type png)
<use ../resources//signature/repartiton_all_dapps.png>
Package pdftex.def Info: ../resources//signature/repartiton_all_dapps.png  used
 on input line 832.
(pdftex.def)             Requested size: 314.11954pt x 194.2355pt.

Overfull \hbox (33.66309pt too wide) in paragraph at lines 837--841
[]\T1/cmr/m/n/12 Indeed, the two fig-ures [][]12[][] and [][]13[][] point out t
he fall in the us-age of the safer \T1/cmr/m/it/12 eth_signTypedData
 []

File: ../resources//first_page/iit_triangle.png Graphic file (type png)
<use ../resources//first_page/iit_triangle.png>
Package pdftex.def Info: ../resources//first_page/iit_triangle.png  used on inp
ut line 842.
(pdftex.def)             Requested size: 45.1668pt x 39.14456pt.
File: ../resources//first_page/ensimag_logo.png Graphic file (type png)
<use ../resources//first_page/ensimag_logo.png>
Package pdftex.def Info: ../resources//first_page/ensimag_logo.png  used on inp
ut line 842.
(pdftex.def)             Requested size: 33.87509pt x 33.87509pt.
[26
pdfTeX warning (ext4): destination with the same identifier (name{figure.12}) h
as been already used, duplicate ignored
<argument> ...shipout:D \box_use:N \l_shipout_box 
                                                  \__shipout_drop_firstpage_...
l.842     \clearpage
                    
pdfTeX warning (ext4): destination with the same identifier (name{figure.13}) h
as been already used, duplicate ignored
<argument> ...shipout:D \box_use:N \l_shipout_box 
                                                  \__shipout_drop_firstpage_...
l.842     \clearpage
                     </home/hugod/Documents/RapportResearchProject/out/../resou
rces//signature/repartiton_top100_dapps.png> </home/hugod/Documents/RapportRese
archProject/out/../resources//signature/repartiton_all_dapps.png>]
Underfull \hbox (badness 10000) in paragraph at lines 854--855

 []


Underfull \hbox (badness 10000) in paragraph at lines 864--865

 []


Underfull \hbox (badness 10000) in paragraph at lines 871--872

 []


Underfull \hbox (badness 10000) in paragraph at lines 876--877

 []


Underfull \hbox (badness 10000) in paragraph at lines 887--888

 []

File: ../resources//first_page/iit_triangle.png Graphic file (type png)
<use ../resources//first_page/iit_triangle.png>
Package pdftex.def Info: ../resources//first_page/iit_triangle.png  used on inp
ut line 892.
(pdftex.def)             Requested size: 45.1668pt x 39.14456pt.
File: ../resources//first_page/ensimag_logo.png Graphic file (type png)
<use ../resources//first_page/ensimag_logo.png>
Package pdftex.def Info: ../resources//first_page/ensimag_logo.png  used on inp
ut line 892.
(pdftex.def)             Requested size: 33.87509pt x 33.87509pt.
[27

]
Underfull \hbox (badness 10000) in paragraph at lines 893--894

 []


Underfull \hbox (badness 10000) in paragraph at lines 908--909

 []

<../resources//ecrecover/ecrecover_function_personal.png, id=795, 919.435pt x 3
58.33875pt>
File: ../resources//ecrecover/ecrecover_function_personal.png Graphic file (typ
e png)
<use ../resources//ecrecover/ecrecover_function_personal.png>
Package pdftex.def Info: ../resources//ecrecover/ecrecover_function_personal.pn
g  used on input line 923.
(pdftex.def)             Requested size: 405.16698pt x 157.91011pt.
File: ../resources//first_page/iit_triangle.png Graphic file (type png)
<use ../resources//first_page/iit_triangle.png>
Package pdftex.def Info: ../resources//first_page/iit_triangle.png  used on inp
ut line 932.
(pdftex.def)             Requested size: 45.1668pt x 39.14456pt.
File: ../resources//first_page/ensimag_logo.png Graphic file (type png)
<use ../resources//first_page/ensimag_logo.png>
Package pdftex.def Info: ../resources//first_page/ensimag_logo.png  used on inp
ut line 932.
(pdftex.def)             Requested size: 33.87509pt x 33.87509pt.
[28
pdfTeX warning (ext4): destination with the same identifier (name{figure.14}) h
as been already used, duplicate ignored
<argument> ...shipout:D \box_use:N \l_shipout_box 
                                                  \__shipout_drop_firstpage_...
l.932 
       </home/hugod/Documents/RapportResearchProject/out/../resources//ecrecove
r/ecrecover_function_personal.png>]
<../resources//ecrecover/ecrecover_function_uniswap.png, id=805, 1054.94125pt x
 330.23375pt>
File: ../resources//ecrecover/ecrecover_function_uniswap.png Graphic file (type
 png)
<use ../resources//ecrecover/ecrecover_function_uniswap.png>
Package pdftex.def Info: ../resources//ecrecover/ecrecover_function_uniswap.png
  used on input line 938.
(pdftex.def)             Requested size: 409.71692pt x 128.25146pt.


LaTeX Warning: Citation `openzeppelin' on page 29 undefined on input line 945.


Underfull \hbox (badness 10000) in paragraph at lines 948--949

 []

<../resources//ecrecover/ecrecover_function_openzep.png, id=809, 1200.485pt x 4
83.8075pt>
File: ../resources//ecrecover/ecrecover_function_openzep.png Graphic file (type
 png)
<use ../resources//ecrecover/ecrecover_function_openzep.png>
Package pdftex.def Info: ../resources//ecrecover/ecrecover_function_openzep.png
  used on input line 957.
(pdftex.def)             Requested size: 409.71692pt x 165.11986pt.
File: ../resources//first_page/iit_triangle.png Graphic file (type png)
<use ../resources//first_page/iit_triangle.png>
Package pdftex.def Info: ../resources//first_page/iit_triangle.png  used on inp
ut line 966.
(pdftex.def)             Requested size: 45.1668pt x 39.14456pt.
File: ../resources//first_page/ensimag_logo.png Graphic file (type png)
<use ../resources//first_page/ensimag_logo.png>
Package pdftex.def Info: ../resources//first_page/ensimag_logo.png  used on inp
ut line 966.
(pdftex.def)             Requested size: 33.87509pt x 33.87509pt.
[29
pdfTeX warning (ext4): destination with the same identifier (name{figure.15}) h
as been already used, duplicate ignored
<argument> ...shipout:D \box_use:N \l_shipout_box 
                                                  \__shipout_drop_firstpage_...
l.966     T
           he main difference illustrated by the figure~\ref{fig:ecrecover_c...

pdfTeX warning (ext4): destination with the same identifier (name{figure.16}) h
as been already used, duplicate ignored
<argument> ...shipout:D \box_use:N \l_shipout_box 
                                                  \__shipout_drop_firstpage_...
l.966     T
           he main difference illustrated by the figure~\ref{fig:ecrecover_c...
 </home/hugod/Documents/RapportResearchProject/out/../resources//ecrecover/ecre
cover_function_uniswap.png> </home/hugod/Documents/RapportResearchProject/out/.
./resources//ecrecover/ecrecover_function_openzep.png>]
<../resources//ecrecover/ecrecover_function_compound.png, id=819, 1109.14375pt 
x 202.7575pt>
File: ../resources//ecrecover/ecrecover_function_compound.png Graphic file (typ
e png)
<use ../resources//ecrecover/ecrecover_function_compound.png>
Package pdftex.def Info: ../resources//ecrecover/ecrecover_function_compound.pn
g  used on input line 972.
(pdftex.def)             Requested size: 409.71692pt x 74.89844pt.
<../resources//ecrecover/ecrecover_function_different.png, id=825, 1100.11pt x 
392.46625pt>
File: ../resources//ecrecover/ecrecover_function_different.png Graphic file (ty
pe png)
<use ../resources//ecrecover/ecrecover_function_different.png>
Package pdftex.def Info: ../resources//ecrecover/ecrecover_function_different.p
ng  used on input line 988.
(pdftex.def)             Requested size: 409.71692pt x 146.1684pt.
File: ../resources//first_page/iit_triangle.png Graphic file (type png)
<use ../resources//first_page/iit_triangle.png>
Package pdftex.def Info: ../resources//first_page/iit_triangle.png  used on inp
ut line 993.
(pdftex.def)             Requested size: 45.1668pt x 39.14456pt.
File: ../resources//first_page/ensimag_logo.png Graphic file (type png)
<use ../resources//first_page/ensimag_logo.png>
Package pdftex.def Info: ../resources//first_page/ensimag_logo.png  used on inp
ut line 993.
(pdftex.def)             Requested size: 33.87509pt x 33.87509pt.
 [30
pdfTeX warning (ext4): destination with the same identifier (name{figure.17}) h
as been already used, duplicate ignored
<argument> ...shipout:D \box_use:N \l_shipout_box 
                                                  \__shipout_drop_firstpage_...
l.993     \clearpage
                    
pdfTeX warning (ext4): destination with the same identifier (name{figure.18}) h
as been already used, duplicate ignored
<argument> ...shipout:D \box_use:N \l_shipout_box 
                                                  \__shipout_drop_firstpage_...
l.993     \clearpage
                     </home/hugod/Documents/RapportResearchProject/out/../resou
rces//ecrecover/ecrecover_function_compound.png> </home/hugod/Documents/Rapport
ResearchProject/out/../resources//ecrecover/ecrecover_function_different.png>]
Overfull \hbox (60.23239pt too wide) in paragraph at lines 1001--1013
 [] 
 []

<../resources//ecrecover/repartition_categories.png, id=836, 468.75125pt x 290.
08376pt>
File: ../resources//ecrecover/repartition_categories.png Graphic file (type png
)
<use ../resources//ecrecover/repartition_categories.png>
Package pdftex.def Info: ../resources//ecrecover/repartition_categories.png  us
ed on input line 1022.
(pdftex.def)             Requested size: 314.11954pt x 194.3905pt.
File: ../resources//first_page/iit_triangle.png Graphic file (type png)
<use ../resources//first_page/iit_triangle.png>
Package pdftex.def Info: ../resources//first_page/iit_triangle.png  used on inp
ut line 1036.
(pdftex.def)             Requested size: 45.1668pt x 39.14456pt.
File: ../resources//first_page/ensimag_logo.png Graphic file (type png)
<use ../resources//first_page/ensimag_logo.png>
Package pdftex.def Info: ../resources//first_page/ensimag_logo.png  used on inp
ut line 1036.
(pdftex.def)             Requested size: 33.87509pt x 33.87509pt.
[31


pdfTeX warning (ext4): destination with the same identifier (name{table.3}) has
 been already used, duplicate ignored
<argument> ...shipout:D \box_use:N \l_shipout_box 
                                                  \__shipout_drop_firstpage_...
l.1036     \section
                   {Environmental and social impact}
pdfTeX warning (ext4): destination with the same identifier (name{figure.19}) h
as been already used, duplicate ignored
<argument> ...shipout:D \box_use:N \l_shipout_box 
                                                  \__shipout_drop_firstpage_...
l.1036     \section
                   {Environmental and social impact} </home/hugod/Documents/Rap
portResearchProject/out/../resources//ecrecover/repartition_categories.png>]
Underfull \hbox (badness 10000) in paragraph at lines 1045--1046

 []


LaTeX Warning: Citation `ecodiag' on page 32 undefined on input line 1050.

<../resources//environmental_concern/electric_consumption.png, id=849, 924.4537
5pt x 325.215pt>
File: ../resources//environmental_concern/electric_consumption.png Graphic file
 (type png)
<use ../resources//environmental_concern/electric_consumption.png>
Package pdftex.def Info: ../resources//environmental_concern/electric_consumpti
on.png  used on input line 1054.
(pdftex.def)             Requested size: 409.71692pt x 144.13217pt.

Underfull \hbox (badness 10000) in paragraph at lines 1064--1065

 []

File: ../resources//first_page/iit_triangle.png Graphic file (type png)
<use ../resources//first_page/iit_triangle.png>
Package pdftex.def Info: ../resources//first_page/iit_triangle.png  used on inp
ut line 1071.
(pdftex.def)             Requested size: 45.1668pt x 39.14456pt.
File: ../resources//first_page/ensimag_logo.png Graphic file (type png)
<use ../resources//first_page/ensimag_logo.png>
Package pdftex.def Info: ../resources//first_page/ensimag_logo.png  used on inp
ut line 1071.
(pdftex.def)             Requested size: 33.87509pt x 33.87509pt.
[32


pdfTeX warning (ext4): destination with the same identifier (name{figure.20}) h
as been already used, duplicate ignored
<argument> ...shipout:D \box_use:N \l_shipout_box 
                                                  \__shipout_drop_firstpage_...
l.1071     \clearpage
                      </home/hugod/Documents/RapportResearchProject/out/../reso
urces//environmental_concern/electric_consumption.png>]
Underfull \hbox (badness 10000) in paragraph at lines 1085--1086

 []


LaTeX Warning: Citation `iec' on page 33 undefined on input line 1092.


LaTeX Warning: Citation `eia' on page 33 undefined on input line 1093.


Underfull \hbox (badness 10000) in paragraph at lines 1096--1097

 []


Underfull \hbox (badness 10000) in paragraph at lines 1101--1102

 []


Underfull \hbox (badness 10000) in paragraph at lines 1107--1108

 []

File: ../resources//first_page/iit_triangle.png Graphic file (type png)
<use ../resources//first_page/iit_triangle.png>
Package pdftex.def Info: ../resources//first_page/iit_triangle.png  used on inp
ut line 1114.
(pdftex.def)             Requested size: 45.1668pt x 39.14456pt.
File: ../resources//first_page/ensimag_logo.png Graphic file (type png)
<use ../resources//first_page/ensimag_logo.png>
Package pdftex.def Info: ../resources//first_page/ensimag_logo.png  used on inp
ut line 1114.
(pdftex.def)             Requested size: 33.87509pt x 33.87509pt.
[33

]
Underfull \hbox (badness 10000) in paragraph at lines 1134--1135

 []


Underfull \hbox (badness 10000) in paragraph at lines 1142--1143

 []


Underfull \hbox (badness 10000) in paragraph at lines 1147--1148

 []

File: ../resources//first_page/iit_triangle.png Graphic file (type png)
<use ../resources//first_page/iit_triangle.png>
Package pdftex.def Info: ../resources//first_page/iit_triangle.png  used on inp
ut line 1159.
(pdftex.def)             Requested size: 45.1668pt x 39.14456pt.
File: ../resources//first_page/ensimag_logo.png Graphic file (type png)
<use ../resources//first_page/ensimag_logo.png>
Package pdftex.def Info: ../resources//first_page/ensimag_logo.png  used on inp
ut line 1159.
(pdftex.def)             Requested size: 33.87509pt x 33.87509pt.
[34

]
Underfull \hbox (badness 10000) in paragraph at lines 1162--1163

 []


Underfull \hbox (badness 10000) in paragraph at lines 1171--1172

 []


Underfull \hbox (badness 10000) in paragraph at lines 1183--1184

 []

File: ../resources//first_page/iit_triangle.png Graphic file (type png)
<use ../resources//first_page/iit_triangle.png>
Package pdftex.def Info: ../resources//first_page/iit_triangle.png  used on inp
ut line 1190.
(pdftex.def)             Requested size: 45.1668pt x 39.14456pt.
File: ../resources//first_page/ensimag_logo.png Graphic file (type png)
<use ../resources//first_page/ensimag_logo.png>
Package pdftex.def Info: ../resources//first_page/ensimag_logo.png  used on inp
ut line 1190.
(pdftex.def)             Requested size: 33.87509pt x 33.87509pt.
[35]
Underfull \hbox (badness 10000) in paragraph at lines 1196--1197

 []

File: ../resources//first_page/iit_triangle.png Graphic file (type png)
<use ../resources//first_page/iit_triangle.png>
Package pdftex.def Info: ../resources//first_page/iit_triangle.png  used on inp
ut line 1202.
(pdftex.def)             Requested size: 45.1668pt x 39.14456pt.
File: ../resources//first_page/ensimag_logo.png Graphic file (type png)
<use ../resources//first_page/ensimag_logo.png>
Package pdftex.def Info: ../resources//first_page/ensimag_logo.png  used on inp
ut line 1202.
(pdftex.def)             Requested size: 33.87509pt x 33.87509pt.
[36

]
Underfull \hbox (badness 10000) in paragraph at lines 1209--1210

 []


Underfull \hbox (badness 10000) in paragraph at lines 1215--1216

 []


Underfull \hbox (badness 10000) in paragraph at lines 1232--1233

 []

File: ../resources//first_page/iit_triangle.png Graphic file (type png)
<use ../resources//first_page/iit_triangle.png>
Package pdftex.def Info: ../resources//first_page/iit_triangle.png  used on inp
ut line 1240.
(pdftex.def)             Requested size: 45.1668pt x 39.14456pt.
File: ../resources//first_page/ensimag_logo.png Graphic file (type png)
<use ../resources//first_page/ensimag_logo.png>
Package pdftex.def Info: ../resources//first_page/ensimag_logo.png  used on inp
ut line 1240.
(pdftex.def)             Requested size: 33.87509pt x 33.87509pt.
[37

]
Underfull \hbox (badness 10000) in paragraph at lines 1247--1248

 []


Underfull \hbox (badness 10000) in paragraph at lines 1252--1253

 []

(/home/hugod/Documents/RapportResearchProject/out/main.bbl)
File: ../resources//first_page/iit_triangle.png Graphic file (type png)
<use ../resources//first_page/iit_triangle.png>
Package pdftex.def Info: ../resources//first_page/iit_triangle.png  used on inp
ut line 1262.
(pdftex.def)             Requested size: 45.1668pt x 39.14456pt.
File: ../resources//first_page/ensimag_logo.png Graphic file (type png)
<use ../resources//first_page/ensimag_logo.png>
Package pdftex.def Info: ../resources//first_page/ensimag_logo.png  used on inp
ut line 1262.
(pdftex.def)             Requested size: 33.87509pt x 33.87509pt.
 [38

]
(/usr/local/texlive/2022/texmf-dist/tex/latex/listings/lstlang1.sty
File: lstlang1.sty 2020/03/24 1.8d listings language file
)
(/usr/local/texlive/2022/texmf-dist/tex/latex/listings/lstlang1.sty
File: lstlang1.sty 2020/03/24 1.8d listings language file
)
Package hyperref Info: bookmark level for unknown lstlisting defaults to 0 on i
nput line 1268.
LaTeX Font Info:    Trying to load font information for T1+cmtt on input line 1
268.

(/usr/local/texlive/2022/texmf-dist/tex/latex/base/t1cmtt.fd
File: t1cmtt.fd 2019/12/16 v2.5j Standard LaTeX font definitions
)
(/home/hugod/Documents/RapportResearchProject/out/../resources/appendix/finderG
ithub.sh
File: ../resources//first_page/iit_triangle.png Graphic file (type png)
<use ../resources//first_page/iit_triangle.png>
Package pdftex.def Info: ../resources//first_page/iit_triangle.png  used on inp
ut line 55.
(pdftex.def)             Requested size: 45.1668pt x 39.14456pt.
File: ../resources//first_page/ensimag_logo.png Graphic file (type png)
<use ../resources//first_page/ensimag_logo.png>
Package pdftex.def Info: ../resources//first_page/ensimag_logo.png  used on inp
ut line 55.
(pdftex.def)             Requested size: 33.87509pt x 33.87509pt.
 [39


]
Overfull \hbox (18.24954pt too wide) in paragraph at lines 66--67
[][][][] 
 []


Overfull \hbox (18.24954pt too wide) in paragraph at lines 70--72
[][][][] 
 []

File: ../resources//first_page/iit_triangle.png Graphic file (type png)
<use ../resources//first_page/iit_triangle.png>
Package pdftex.def Info: ../resources//first_page/iit_triangle.png  used on inp
ut line 104.
(pdftex.def)             Requested size: 45.1668pt x 39.14456pt.
File: ../resources//first_page/ensimag_logo.png Graphic file (type png)
<use ../resources//first_page/ensimag_logo.png>
Package pdftex.def Info: ../resources//first_page/ensimag_logo.png  used on inp
ut line 104.
(pdftex.def)             Requested size: 33.87509pt x 33.87509pt.
[40])
File: ../resources//first_page/iit_triangle.png Graphic file (type png)
<use ../resources//first_page/iit_triangle.png>
Package pdftex.def Info: ../resources//first_page/iit_triangle.png  used on inp
ut line 1270.
(pdftex.def)             Requested size: 45.1668pt x 39.14456pt.
File: ../resources//first_page/ensimag_logo.png Graphic file (type png)
<use ../resources//first_page/ensimag_logo.png>
Package pdftex.def Info: ../resources//first_page/ensimag_logo.png  used on inp
ut line 1270.
(pdftex.def)             Requested size: 33.87509pt x 33.87509pt.
 [41]
(/home/hugod/Documents/RapportResearchProject/out/../resources/appendix/findInG
ithubSearch.sh
File: ../resources//first_page/iit_triangle.png Graphic file (type png)
<use ../resources//first_page/iit_triangle.png>
Package pdftex.def Info: ../resources//first_page/iit_triangle.png  used on inp
ut line 53.
(pdftex.def)             Requested size: 45.1668pt x 39.14456pt.
File: ../resources//first_page/ensimag_logo.png Graphic file (type png)
<use ../resources//first_page/ensimag_logo.png>
Package pdftex.def Info: ../resources//first_page/ensimag_logo.png  used on inp
ut line 53.
(pdftex.def)             Requested size: 33.87509pt x 33.87509pt.
 [42

]) 
AED: lastpage setting LastPage
File: ../resources//first_page/iit_triangle.png Graphic file (type png)
<use ../resources//first_page/iit_triangle.png>
Package pdftex.def Info: ../resources//first_page/iit_triangle.png  used on inp
ut line 1280.
(pdftex.def)             Requested size: 45.1668pt x 39.14456pt.
File: ../resources//first_page/ensimag_logo.png Graphic file (type png)
<use ../resources//first_page/ensimag_logo.png>
Package pdftex.def Info: ../resources//first_page/ensimag_logo.png  used on inp
ut line 1280.
(pdftex.def)             Requested size: 33.87509pt x 33.87509pt.
[43] (/home/hugod/Documents/RapportResearchProject/out/main.aux)

LaTeX Warning: There were undefined references.

Package rerunfilecheck Info: File `main.out' has not changed.
(rerunfilecheck)             Checksum: 7614E538C1C2ABC0F048C36729035B8B;10826.
 ) 
Here is how much of TeX's memory you used:
 22009 strings out of 475075
 381841 string characters out of 5779010
 1223326 words of memory out of 5000000
 42626 multiletter control sequences out of 15000+600000
 485302 words of font info for 63 fonts, out of 8000000 for 9000
 1141 hyphenation exceptions out of 8191
 91i,17n,99p,1134b,2334s stack positions out of 10000i,1000n,20000p,200000b,200000s
{/usr/local/texlive/2022/texmf-dist/fonts/enc/dvips/cm-super/cm-super-t1.enc}
{/usr/local/texlive/2022/texmf-dist/fonts/enc/dvips/cm-super/cm-super-ts1.enc}<
/usr/local/texlive/2022/texmf-dist/fonts/type1/public/amsfonts/cm/cmmi8.pfb></u
sr/local/texlive/2022/texmf-dist/fonts/type1/public/amsfonts/cm/cmr12.pfb></usr
/local/texlive/2022/texmf-dist/fonts/type1/public/cm-super/sfbi1200.pfb></usr/l
ocal/texlive/2022/texmf-dist/fonts/type1/public/cm-super/sfbx1200.pfb></usr/loc
al/texlive/2022/texmf-dist/fonts/type1/public/cm-super/sfbx1440.pfb></usr/local
/texlive/2022/texmf-dist/fonts/type1/public/cm-super/sfbx1728.pfb></usr/local/t
exlive/2022/texmf-dist/fonts/type1/public/cm-super/sfbx2488.pfb></usr/local/tex
live/2022/texmf-dist/fonts/type1/public/cm-super/sfcc1200.pfb></usr/local/texli
ve/2022/texmf-dist/fonts/type1/public/cm-super/sfcc1728.pfb></usr/local/texlive
/2022/texmf-dist/fonts/type1/public/cm-super/sfrm0600.pfb></usr/local/texlive/2
022/texmf-dist/fonts/type1/public/cm-super/sfrm1000.pfb></usr/local/texlive/202
2/texmf-dist/fonts/type1/public/cm-super/sfrm1200.pfb></usr/local/texlive/2022/
texmf-dist/fonts/type1/public/cm-super/sfrm1440.pfb></usr/local/texlive/2022/te
xmf-dist/fonts/type1/public/cm-super/sfti1200.pfb></usr/local/texlive/2022/texm
f-dist/fonts/type1/public/cm-super/sftt1000.pfb>
Output written on /home/hugod/Documents/RapportResearchProject/out/main.pdf (44
 pages, 1278320 bytes).
PDF statistics:
 1313 PDF objects out of 1440 (max. 8388607)
 1174 compressed objects within 12 object streams
 372 named destinations out of 1000 (max. 500000)
 646 words of extra memory for PDF output out of 10000 (max. 10000000)

