\BOOKMARK [1][-]{section.1}{\376\377\000I\000n\000t\000r\000o\000d\000u\000c\000t\000i\000o\000n}{}% 1
\BOOKMARK [1][-]{section.2}{\376\377\000C\000o\000n\000t\000e\000x\000t}{}% 2
\BOOKMARK [2][-]{subsection.2.1}{\376\377\000I\000l\000l\000i\000n\000o\000i\000s\000\040\000I\000n\000s\000t\000i\000t\000u\000t\000e\000\040\000o\000f\000\040\000T\000e\000c\000h\000n\000o\000l\000o\000g\000y}{section.2}% 3
\BOOKMARK [2][-]{subsection.2.2}{\376\377\000C\000S\0005\0009\0007\000:\000\040\000R\000e\000s\000e\000a\000r\000c\000h\000\040\000p\000r\000o\000j\000e\000c\000t}{section.2}% 4
\BOOKMARK [2][-]{subsection.2.3}{\376\377\000T\000e\000a\000m}{section.2}% 5
\BOOKMARK [1][-]{section.3}{\376\377\000M\000o\000t\000i\000v\000a\000t\000i\000o\000n\000s}{}% 6
\BOOKMARK [1][-]{section.4}{\376\377\000M\000e\000t\000h\000o\000d\000o\000l\000o\000g\000y}{}% 7
\BOOKMARK [2][-]{subsection.4.1}{\376\377\000M\000a\000i\000n\000\040\000o\000b\000j\000e\000c\000t\000i\000v\000e\000s}{section.4}% 8
\BOOKMARK [2][-]{subsection.4.2}{\376\377\000O\000r\000g\000a\000n\000i\000z\000a\000t\000i\000o\000n}{section.4}% 9
\BOOKMARK [3][-]{subsubsection.4.2.1}{\376\377\000S\000p\000r\000i\000n\000g\000\040\000s\000e\000m\000e\000s\000t\000e\000r}{subsection.4.2}% 10
\BOOKMARK [3][-]{subsubsection.4.2.2}{\376\377\000S\000u\000m\000m\000e\000r\000\040\000s\000e\000m\000e\000s\000t\000e\000r}{subsection.4.2}% 11
\BOOKMARK [1][-]{section.5}{\376\377\000D\000e\000v\000e\000l\000o\000p\000m\000e\000n\000t}{}% 12
\BOOKMARK [2][-]{subsection.5.1}{\376\377\000D\000e\000c\000e\000n\000t\000r\000a\000l\000i\000z\000e\000d\000\040\000A\000p\000p\000l\000i\000c\000a\000t\000i\000o\000n\000s}{section.5}% 13
\BOOKMARK [3][-]{subsubsection.5.1.1}{\376\377\000T\000o\000p\000\040\0001\0000\0000\000\040\000D\000A\000p\000p\000s}{subsection.5.1}% 14
\BOOKMARK [3][-]{subsubsection.5.1.2}{\376\377\000O\000t\000h\000e\000r\000\040\000D\000A\000p\000p\000s}{subsection.5.1}% 15
\BOOKMARK [2][-]{subsection.5.2}{\376\377\000A\000n\000a\000l\000y\000s\000i\000s\000\040\000o\000f\000\040\000p\000r\000o\000g\000r\000a\000m\000m\000i\000n\000g\000\040\000l\000a\000n\000g\000u\000a\000g\000e\000s\000\040\000u\000s\000e\000d}{section.5}% 16
\BOOKMARK [2][-]{subsection.5.3}{\376\377\000B\000l\000o\000c\000k\000c\000h\000a\000i\000n}{section.5}% 17
\BOOKMARK [3][-]{subsubsection.5.3.1}{\376\377\000W\000h\000a\000t\000\040\000i\000s\000\040\000a\000\040\000b\000l\000o\000c\000k\000c\000h\000a\000i\000n\000?}{subsection.5.3}% 18
\BOOKMARK [3][-]{subsubsection.5.3.2}{\376\377\000W\000a\000l\000l\000e\000t\000\040\000o\000n\000\040\000a\000\040\000b\000l\000o\000c\000k\000c\000h\000a\000i\000n}{subsection.5.3}% 19
\BOOKMARK [2][-]{subsection.5.4}{\376\377\000A\000P\000I\000\040\000u\000s\000e\000d\000\040\000i\000n\000\040\000D\000A\000p\000p\000s}{section.5}% 20
\BOOKMARK [3][-]{subsubsection.5.4.1}{\376\377\000M\000e\000t\000a\000M\000a\000s\000k\000\040\000A\000P\000I}{subsection.5.4}% 21
\BOOKMARK [3][-]{subsubsection.5.4.2}{\376\377\000E\000t\000h\000e\000r\000s\000.\000j\000s\000\040\000a\000n\000d\000\040\000W\000e\000b\0003\000.\000j\000s\000\040\000A\000P\000I}{subsection.5.4}% 22
\BOOKMARK [2][-]{subsection.5.5}{\376\377\000E\000I\000P}{section.5}% 23
\BOOKMARK [3][-]{subsubsection.5.5.1}{\376\377\000G\000e\000n\000e\000r\000a\000l\000\040\000c\000o\000n\000c\000e\000p\000t}{subsection.5.5}% 24
\BOOKMARK [3][-]{subsubsection.5.5.2}{\376\377\000E\000I\000P\0007\0002\0001}{subsection.5.5}% 25
\BOOKMARK [3][-]{subsubsection.5.5.3}{\376\377\000E\000I\000P\0007\0001\0002}{subsection.5.5}% 26
\BOOKMARK [2][-]{subsection.5.6}{\376\377\000S\000i\000g\000n\000i\000n\000g\000\040\000m\000e\000t\000h\000o\000d\000s\000\040\000i\000n\000\040\000M\000e\000t\000a\000M\000a\000s\000k}{section.5}% 27
\BOOKMARK [3][-]{subsubsection.5.6.1}{\376\377\000I\000m\000p\000o\000r\000t\000a\000n\000c\000e\000\040\000o\000f\000\040\000s\000i\000g\000n\000i\000n\000g\000\040\000m\000e\000t\000h\000o\000d\000s}{subsection.5.6}% 28
\BOOKMARK [3][-]{subsubsection.5.6.2}{\376\377\000e\000t\000h\000\137\000s\000i\000g\000n}{subsection.5.6}% 29
\BOOKMARK [3][-]{subsubsection.5.6.3}{\376\377\000p\000e\000r\000s\000o\000n\000a\000l\000\137\000s\000i\000g\000n}{subsection.5.6}% 30
\BOOKMARK [3][-]{subsubsection.5.6.4}{\376\377\000e\000t\000h\000\137\000s\000i\000g\000n\000T\000y\000p\000e\000d\000D\000a\000t\000a}{subsection.5.6}% 31
\BOOKMARK [2][-]{subsection.5.7}{\376\377\000O\000p\000e\000r\000a\000t\000i\000o\000n\000\040\000o\000f\000\040\000e\000t\000h\000\137\000s\000i\000g\000n\000T\000y\000p\000e\000d\000D\000a\000t\000a}{section.5}% 32
\BOOKMARK [3][-]{subsubsection.5.7.1}{\376\377\000M\000e\000t\000h\000o\000d\000\040\000a\000r\000g\000u\000m\000e\000n\000t\000s\000\040\000d\000e\000f\000i\000n\000e\000d\000\040\000i\000n\000\040\000E\000I\000P\0007\0001\0002}{subsection.5.7}% 33
\BOOKMARK [3][-]{subsubsection.5.7.2}{\376\377\000C\000r\000e\000a\000t\000i\000o\000n\000\040\000o\000f\000\040\000a\000\040\000t\000e\000s\000t\000\040\000D\000a\000p\000p}{subsection.5.7}% 34
\BOOKMARK [3][-]{subsubsection.5.7.3}{\376\377\000M\000a\000n\000d\000a\000t\000o\000r\000y\000\040\000f\000i\000e\000l\000d\000s}{subsection.5.7}% 35
\BOOKMARK [2][-]{subsection.5.8}{\376\377\000A\000n\000a\000l\000y\000s\000i\000s\000\040\000o\000f\000\040\000s\000i\000g\000n\000i\000n\000g\000\040\000m\000e\000t\000h\000o\000d\000s\000\040\000i\000n\000\040\000D\000A\000p\000p\000s}{section.5}% 36
\BOOKMARK [3][-]{subsubsection.5.8.1}{\376\377\000F\000i\000n\000d\000i\000n\000g\000\040\000e\000v\000e\000r\000y\000\040\000u\000s\000a\000g\000e\000\040\000o\000f\000\040\000s\000i\000g\000n\000i\000n\000g\000\040\000m\000e\000t\000h\000o\000d\000s}{subsection.5.8}% 37
\BOOKMARK [3][-]{subsubsection.5.8.2}{\376\377\000C\000o\000l\000l\000e\000c\000t\000i\000n\000g\000\040\000m\000o\000r\000e\000\040\000D\000A\000p\000p\000s}{subsection.5.8}% 38
\BOOKMARK [3][-]{subsubsection.5.8.3}{\376\377\000U\000s\000a\000g\000e\000\040\000o\000f\000\040\000s\000i\000g\000n\000i\000n\000g\000\040\000m\000e\000t\000h\000o\000d\000s}{subsection.5.8}% 39
\BOOKMARK [2][-]{subsection.5.9}{\376\377\000S\000m\000a\000r\000t\000\040\000c\000o\000n\000t\000r\000a\000c\000t\000s\000\040\000i\000m\000p\000l\000e\000m\000e\000n\000t\000a\000t\000i\000o\000n}{section.5}% 40
\BOOKMARK [3][-]{subsubsection.5.9.1}{\376\377\000S\000m\000a\000r\000t\000\040\000c\000o\000n\000t\000r\000a\000c\000t\000s\000\040\000r\000o\000l\000e}{subsection.5.9}% 41
\BOOKMARK [3][-]{subsubsection.5.9.2}{\376\377\000e\000c\000r\000e\000c\000o\000v\000e\000r}{subsection.5.9}% 42
\BOOKMARK [3][-]{subsubsection.5.9.3}{\376\377\000N\000o\000n\000c\000e\000\040\000a\000n\000d\000\040\000d\000e\000a\000d\000l\000i\000n\000e}{subsection.5.9}% 43
\BOOKMARK [2][-]{subsection.5.10}{\376\377\000C\000l\000a\000s\000s\000i\000f\000i\000c\000a\000t\000i\000o\000n\000\040\000o\000f\000\040\000D\000A\000p\000p\000s}{section.5}% 44
\BOOKMARK [3][-]{subsubsection.5.10.1}{\376\377\000P\000u\000r\000p\000o\000s\000e\000\040\000o\000f\000\040\000c\000l\000a\000s\000s\000i\000f\000i\000c\000a\000t\000i\000o\000n}{subsection.5.10}% 45
\BOOKMARK [3][-]{subsubsection.5.10.2}{\376\377\000P\000e\000r\000s\000o\000n\000a\000l\000\040\000S\000i\000g\000n}{subsection.5.10}% 46
\BOOKMARK [3][-]{subsubsection.5.10.3}{\376\377\000U\000n\000i\000s\000w\000a\000p}{subsection.5.10}% 47
\BOOKMARK [3][-]{subsubsection.5.10.4}{\376\377\000O\000p\000e\000n\000Z\000e\000p\000p\000e\000l\000i\000n}{subsection.5.10}% 48
\BOOKMARK [3][-]{subsubsection.5.10.5}{\376\377\000C\000o\000m\000p\000o\000u\000n\000d}{subsection.5.10}% 49
\BOOKMARK [3][-]{subsubsection.5.10.6}{\376\377\000D\000i\000f\000f\000e\000r\000e\000n\000t}{subsection.5.10}% 50
\BOOKMARK [3][-]{subsubsection.5.10.7}{\376\377\000R\000e\000p\000a\000r\000t\000i\000t\000i\000o\000n\000\040\000o\000f\000\040\000D\000A\000p\000p\000s\000\040\000i\000n\000t\000o\000\040\000t\000h\000i\000s\000\040\000c\000l\000a\000s\000s\000i\000f\000i\000c\000a\000t\000i\000o\000n}{subsection.5.10}% 51
\BOOKMARK [1][-]{section.6}{\376\377\000E\000n\000v\000i\000r\000o\000n\000m\000e\000n\000t\000a\000l\000\040\000a\000n\000d\000\040\000s\000o\000c\000i\000a\000l\000\040\000i\000m\000p\000a\000c\000t}{}% 52
\BOOKMARK [2][-]{subsection.6.1}{\376\377\000P\000e\000r\000s\000o\000n\000a\000l\000\040\000i\000m\000p\000a\000c\000t}{section.6}% 53
\BOOKMARK [2][-]{subsection.6.2}{\376\377\000G\000l\000o\000b\000a\000l\000\040\000i\000m\000p\000a\000c\000t}{section.6}% 54
\BOOKMARK [3][-]{subsubsection.6.2.1}{\376\377\000E\000n\000v\000i\000r\000o\000n\000m\000e\000n\000t\000a\000l\000\040\000i\000m\000p\000a\000c\000t}{subsection.6.2}% 55
\BOOKMARK [3][-]{subsubsection.6.2.2}{\376\377\000S\000o\000c\000i\000e\000t\000a\000l\000\040\000i\000m\000p\000a\000c\000t}{subsection.6.2}% 56
\BOOKMARK [2][-]{subsection.6.3}{\376\377\000I\000l\000l\000i\000n\000o\000i\000s\000\040\000I\000n\000s\000t\000i\000t\000u\000t\000e\000\040\000o\000f\000\040\000T\000e\000c\000h\000n\000o\000l\000o\000g\000y\000\040\000p\000o\000l\000i\000c\000y}{section.6}% 57
\BOOKMARK [3][-]{subsubsection.6.3.1}{\376\377\000S\000u\000s\000t\000a\000i\000n\000a\000b\000i\000l\000i\000t\000y\000\040\000I\000n\000t\000e\000g\000r\000a\000t\000i\000o\000n\000\040\000i\000n\000\040\000C\000u\000r\000r\000i\000c\000u\000l\000u\000m}{subsection.6.3}% 58
\BOOKMARK [3][-]{subsubsection.6.3.2}{\376\377\000E\000n\000e\000r\000g\000y\000-\000e\000f\000f\000i\000c\000i\000e\000n\000t\000\040\000p\000r\000a\000c\000t\000i\000c\000e\000s}{subsection.6.3}% 59
\BOOKMARK [1][-]{section.7}{\376\377\000C\000o\000n\000c\000l\000u\000s\000i\000o\000n}{}% 60
\BOOKMARK [2][-]{subsection.7.1}{\376\377\000P\000r\000o\000j\000e\000c\000t\000\040\000c\000o\000n\000c\000l\000u\000s\000i\000o\000n}{section.7}% 61
\BOOKMARK [2][-]{subsection.7.2}{\376\377\000F\000u\000t\000u\000r\000e\000\040\000w\000o\000r\000k}{section.7}% 62
\BOOKMARK [2][-]{subsection.7.3}{\376\377\000P\000e\000r\000s\000o\000n\000a\000l\000\040\000c\000o\000n\000c\000l\000u\000s\000i\000o\000n}{section.7}% 63
\BOOKMARK [1][-]{appendix.1.A}{\376\377\000A\000p\000p\000e\000n\000d\000i\000x\000\040\000B\000a\000s\000h\000\040\000s\000c\000r\000i\000p\000t\000\040\000t\000o\000\040\000f\000i\000n\000d\000\040\000s\000i\000g\000n\000i\000n\000g\000\040\000m\000e\000t\000h\000o\000d\000s}{}% 64
\BOOKMARK [1][-]{appendix.1.B}{\376\377\000A\000p\000p\000e\000n\000d\000i\000x\000\040\000B\000a\000s\000h\000\040\000s\000c\000r\000i\000p\000t\000\040\000t\000h\000a\000t\000\040\000a\000u\000t\000o\000m\000a\000t\000e\000\040\000t\000h\000e\000\040\000a\000n\000a\000l\000y\000s\000i\000s\000\040\000o\000f\000\040\000s\000i\000g\000n\000i\000n\000g\000\040\000m\000e\000t\000h\000o\000d\000s}{}% 65
